Precision (doc avg):	0.923469387755102
Recall (doc avg):   	0.923469387755102
F1 score (doc avg): 	0.923469387755102
Precision (conc avg):	0.0007018746638619214
Recall (conc avg):  	0.00106557186657995
F1 score (conc avg):	0.0007835959628969822
Precision (microavg):	0.9551451187335093
Recall (microavg):  	0.9526315789473684
F1 score (microavg):	0.9538866930171278
NDCG:               	0.9540816326530612
NDCG@5:             	0.9540816326530612
NDCG@10:            	0.9540816326530612
Precision@1:        	0.923469387755102
Precision@3:        	0.923469387755102
Precision@5:        	0.923469387755102
LRAP:               	0.9541066972640585
True positives:     	362
False positives:    	17
False negatives:    	18
Documents evaluated:	392
