Limit	Thresh.	Prec.	Rec.	F1
1	0.00	0.9597	0.9597	0.9597
1	0.05	0.9597	0.9597	0.9597
1	0.10	0.9572	0.9572	0.9572
1	0.15	0.9572	0.9572	0.9572
1	0.20	0.9572	0.9572	0.9572
1	0.25	0.9572	0.9572	0.9572
1	0.30	0.9547	0.9547	0.9547
1	0.35	0.9471	0.9471	0.9471
1	0.40	0.9345	0.9345	0.9345
1	0.45	0.8992	0.8992	0.8992
1	0.50	0.8338	0.8338	0.8338
1	0.55	0.7909	0.7909	0.7909
1	0.60	0.6977	0.6977	0.6977
1	0.65	0.6121	0.6121	0.6121
1	0.70	0.5416	0.5416	0.5416
1	0.75	0.4509	0.4509	0.4509
1	0.80	0.3249	0.3249	0.3249
1	0.85	0.1914	0.1914	0.1914
1	0.90	0.0428	0.0428	0.0428
1	0.95	0.0000	0.0000	0.0000
2	0.00	0.9597	0.9597	0.9597
2	0.05	0.9597	0.9597	0.9597
2	0.10	0.9572	0.9572	0.9572
2	0.15	0.9572	0.9572	0.9572
2	0.20	0.9572	0.9572	0.9572
2	0.25	0.9572	0.9572	0.9572
2	0.30	0.9547	0.9547	0.9547
2	0.35	0.9471	0.9471	0.9471
2	0.40	0.9345	0.9345	0.9345
2	0.45	0.8992	0.8992	0.8992
2	0.50	0.8338	0.8338	0.8338
2	0.55	0.7909	0.7909	0.7909
2	0.60	0.6977	0.6977	0.6977
2	0.65	0.6121	0.6121	0.6121
2	0.70	0.5416	0.5416	0.5416
2	0.75	0.4509	0.4509	0.4509
2	0.80	0.3249	0.3249	0.3249
2	0.85	0.1914	0.1914	0.1914
2	0.90	0.0428	0.0428	0.0428
2	0.95	0.0000	0.0000	0.0000
3	0.00	0.9597	0.9597	0.9597
3	0.05	0.9597	0.9597	0.9597
3	0.10	0.9572	0.9572	0.9572
3	0.15	0.9572	0.9572	0.9572
3	0.20	0.9572	0.9572	0.9572
3	0.25	0.9572	0.9572	0.9572
3	0.30	0.9547	0.9547	0.9547
3	0.35	0.9471	0.9471	0.9471
3	0.40	0.9345	0.9345	0.9345
3	0.45	0.8992	0.8992	0.8992
3	0.50	0.8338	0.8338	0.8338
3	0.55	0.7909	0.7909	0.7909
3	0.60	0.6977	0.6977	0.6977
3	0.65	0.6121	0.6121	0.6121
3	0.70	0.5416	0.5416	0.5416
3	0.75	0.4509	0.4509	0.4509
3	0.80	0.3249	0.3249	0.3249
3	0.85	0.1914	0.1914	0.1914
3	0.90	0.0428	0.0428	0.0428
3	0.95	0.0000	0.0000	0.0000
4	0.00	0.9597	0.9597	0.9597
4	0.05	0.9597	0.9597	0.9597
4	0.10	0.9572	0.9572	0.9572
4	0.15	0.9572	0.9572	0.9572
4	0.20	0.9572	0.9572	0.9572
4	0.25	0.9572	0.9572	0.9572
4	0.30	0.9547	0.9547	0.9547
4	0.35	0.9471	0.9471	0.9471
4	0.40	0.9345	0.9345	0.9345
4	0.45	0.8992	0.8992	0.8992
4	0.50	0.8338	0.8338	0.8338
4	0.55	0.7909	0.7909	0.7909
4	0.60	0.6977	0.6977	0.6977
4	0.65	0.6121	0.6121	0.6121
4	0.70	0.5416	0.5416	0.5416
4	0.75	0.4509	0.4509	0.4509
4	0.80	0.3249	0.3249	0.3249
4	0.85	0.1914	0.1914	0.1914
4	0.90	0.0428	0.0428	0.0428
4	0.95	0.0000	0.0000	0.0000
5	0.00	0.9597	0.9597	0.9597
5	0.05	0.9597	0.9597	0.9597
5	0.10	0.9572	0.9572	0.9572
5	0.15	0.9572	0.9572	0.9572
5	0.20	0.9572	0.9572	0.9572
5	0.25	0.9572	0.9572	0.9572
5	0.30	0.9547	0.9547	0.9547
5	0.35	0.9471	0.9471	0.9471
5	0.40	0.9345	0.9345	0.9345
5	0.45	0.8992	0.8992	0.8992
5	0.50	0.8338	0.8338	0.8338
5	0.55	0.7909	0.7909	0.7909
5	0.60	0.6977	0.6977	0.6977
5	0.65	0.6121	0.6121	0.6121
5	0.70	0.5416	0.5416	0.5416
5	0.75	0.4509	0.4509	0.4509
5	0.80	0.3249	0.3249	0.3249
5	0.85	0.1914	0.1914	0.1914
5	0.90	0.0428	0.0428	0.0428
5	0.95	0.0000	0.0000	0.0000
6	0.00	0.9597	0.9597	0.9597
6	0.05	0.9597	0.9597	0.9597
6	0.10	0.9572	0.9572	0.9572
6	0.15	0.9572	0.9572	0.9572
6	0.20	0.9572	0.9572	0.9572
6	0.25	0.9572	0.9572	0.9572
6	0.30	0.9547	0.9547	0.9547
6	0.35	0.9471	0.9471	0.9471
6	0.40	0.9345	0.9345	0.9345
6	0.45	0.8992	0.8992	0.8992
6	0.50	0.8338	0.8338	0.8338
6	0.55	0.7909	0.7909	0.7909
6	0.60	0.6977	0.6977	0.6977
6	0.65	0.6121	0.6121	0.6121
6	0.70	0.5416	0.5416	0.5416
6	0.75	0.4509	0.4509	0.4509
6	0.80	0.3249	0.3249	0.3249
6	0.85	0.1914	0.1914	0.1914
6	0.90	0.0428	0.0428	0.0428
6	0.95	0.0000	0.0000	0.0000
7	0.00	0.9597	0.9597	0.9597
7	0.05	0.9597	0.9597	0.9597
7	0.10	0.9572	0.9572	0.9572
7	0.15	0.9572	0.9572	0.9572
7	0.20	0.9572	0.9572	0.9572
7	0.25	0.9572	0.9572	0.9572
7	0.30	0.9547	0.9547	0.9547
7	0.35	0.9471	0.9471	0.9471
7	0.40	0.9345	0.9345	0.9345
7	0.45	0.8992	0.8992	0.8992
7	0.50	0.8338	0.8338	0.8338
7	0.55	0.7909	0.7909	0.7909
7	0.60	0.6977	0.6977	0.6977
7	0.65	0.6121	0.6121	0.6121
7	0.70	0.5416	0.5416	0.5416
7	0.75	0.4509	0.4509	0.4509
7	0.80	0.3249	0.3249	0.3249
7	0.85	0.1914	0.1914	0.1914
7	0.90	0.0428	0.0428	0.0428
7	0.95	0.0000	0.0000	0.0000
8	0.00	0.9597	0.9597	0.9597
8	0.05	0.9597	0.9597	0.9597
8	0.10	0.9572	0.9572	0.9572
8	0.15	0.9572	0.9572	0.9572
8	0.20	0.9572	0.9572	0.9572
8	0.25	0.9572	0.9572	0.9572
8	0.30	0.9547	0.9547	0.9547
8	0.35	0.9471	0.9471	0.9471
8	0.40	0.9345	0.9345	0.9345
8	0.45	0.8992	0.8992	0.8992
8	0.50	0.8338	0.8338	0.8338
8	0.55	0.7909	0.7909	0.7909
8	0.60	0.6977	0.6977	0.6977
8	0.65	0.6121	0.6121	0.6121
8	0.70	0.5416	0.5416	0.5416
8	0.75	0.4509	0.4509	0.4509
8	0.80	0.3249	0.3249	0.3249
8	0.85	0.1914	0.1914	0.1914
8	0.90	0.0428	0.0428	0.0428
8	0.95	0.0000	0.0000	0.0000
9	0.00	0.9597	0.9597	0.9597
9	0.05	0.9597	0.9597	0.9597
9	0.10	0.9572	0.9572	0.9572
9	0.15	0.9572	0.9572	0.9572
9	0.20	0.9572	0.9572	0.9572
9	0.25	0.9572	0.9572	0.9572
9	0.30	0.9547	0.9547	0.9547
9	0.35	0.9471	0.9471	0.9471
9	0.40	0.9345	0.9345	0.9345
9	0.45	0.8992	0.8992	0.8992
9	0.50	0.8338	0.8338	0.8338
9	0.55	0.7909	0.7909	0.7909
9	0.60	0.6977	0.6977	0.6977
9	0.65	0.6121	0.6121	0.6121
9	0.70	0.5416	0.5416	0.5416
9	0.75	0.4509	0.4509	0.4509
9	0.80	0.3249	0.3249	0.3249
9	0.85	0.1914	0.1914	0.1914
9	0.90	0.0428	0.0428	0.0428
9	0.95	0.0000	0.0000	0.0000
10	0.00	0.9597	0.9597	0.9597
10	0.05	0.9597	0.9597	0.9597
10	0.10	0.9572	0.9572	0.9572
10	0.15	0.9572	0.9572	0.9572
10	0.20	0.9572	0.9572	0.9572
10	0.25	0.9572	0.9572	0.9572
10	0.30	0.9547	0.9547	0.9547
10	0.35	0.9471	0.9471	0.9471
10	0.40	0.9345	0.9345	0.9345
10	0.45	0.8992	0.8992	0.8992
10	0.50	0.8338	0.8338	0.8338
10	0.55	0.7909	0.7909	0.7909
10	0.60	0.6977	0.6977	0.6977
10	0.65	0.6121	0.6121	0.6121
10	0.70	0.5416	0.5416	0.5416
10	0.75	0.4509	0.4509	0.4509
10	0.80	0.3249	0.3249	0.3249
10	0.85	0.1914	0.1914	0.1914
10	0.90	0.0428	0.0428	0.0428
10	0.95	0.0000	0.0000	0.0000
11	0.00	0.9597	0.9597	0.9597
11	0.05	0.9597	0.9597	0.9597
11	0.10	0.9572	0.9572	0.9572
11	0.15	0.9572	0.9572	0.9572
11	0.20	0.9572	0.9572	0.9572
11	0.25	0.9572	0.9572	0.9572
11	0.30	0.9547	0.9547	0.9547
11	0.35	0.9471	0.9471	0.9471
11	0.40	0.9345	0.9345	0.9345
11	0.45	0.8992	0.8992	0.8992
11	0.50	0.8338	0.8338	0.8338
11	0.55	0.7909	0.7909	0.7909
11	0.60	0.6977	0.6977	0.6977
11	0.65	0.6121	0.6121	0.6121
11	0.70	0.5416	0.5416	0.5416
11	0.75	0.4509	0.4509	0.4509
11	0.80	0.3249	0.3249	0.3249
11	0.85	0.1914	0.1914	0.1914
11	0.90	0.0428	0.0428	0.0428
11	0.95	0.0000	0.0000	0.0000
12	0.00	0.9597	0.9597	0.9597
12	0.05	0.9597	0.9597	0.9597
12	0.10	0.9572	0.9572	0.9572
12	0.15	0.9572	0.9572	0.9572
12	0.20	0.9572	0.9572	0.9572
12	0.25	0.9572	0.9572	0.9572
12	0.30	0.9547	0.9547	0.9547
12	0.35	0.9471	0.9471	0.9471
12	0.40	0.9345	0.9345	0.9345
12	0.45	0.8992	0.8992	0.8992
12	0.50	0.8338	0.8338	0.8338
12	0.55	0.7909	0.7909	0.7909
12	0.60	0.6977	0.6977	0.6977
12	0.65	0.6121	0.6121	0.6121
12	0.70	0.5416	0.5416	0.5416
12	0.75	0.4509	0.4509	0.4509
12	0.80	0.3249	0.3249	0.3249
12	0.85	0.1914	0.1914	0.1914
12	0.90	0.0428	0.0428	0.0428
12	0.95	0.0000	0.0000	0.0000
13	0.00	0.9597	0.9597	0.9597
13	0.05	0.9597	0.9597	0.9597
13	0.10	0.9572	0.9572	0.9572
13	0.15	0.9572	0.9572	0.9572
13	0.20	0.9572	0.9572	0.9572
13	0.25	0.9572	0.9572	0.9572
13	0.30	0.9547	0.9547	0.9547
13	0.35	0.9471	0.9471	0.9471
13	0.40	0.9345	0.9345	0.9345
13	0.45	0.8992	0.8992	0.8992
13	0.50	0.8338	0.8338	0.8338
13	0.55	0.7909	0.7909	0.7909
13	0.60	0.6977	0.6977	0.6977
13	0.65	0.6121	0.6121	0.6121
13	0.70	0.5416	0.5416	0.5416
13	0.75	0.4509	0.4509	0.4509
13	0.80	0.3249	0.3249	0.3249
13	0.85	0.1914	0.1914	0.1914
13	0.90	0.0428	0.0428	0.0428
13	0.95	0.0000	0.0000	0.0000
14	0.00	0.9597	0.9597	0.9597
14	0.05	0.9597	0.9597	0.9597
14	0.10	0.9572	0.9572	0.9572
14	0.15	0.9572	0.9572	0.9572
14	0.20	0.9572	0.9572	0.9572
14	0.25	0.9572	0.9572	0.9572
14	0.30	0.9547	0.9547	0.9547
14	0.35	0.9471	0.9471	0.9471
14	0.40	0.9345	0.9345	0.9345
14	0.45	0.8992	0.8992	0.8992
14	0.50	0.8338	0.8338	0.8338
14	0.55	0.7909	0.7909	0.7909
14	0.60	0.6977	0.6977	0.6977
14	0.65	0.6121	0.6121	0.6121
14	0.70	0.5416	0.5416	0.5416
14	0.75	0.4509	0.4509	0.4509
14	0.80	0.3249	0.3249	0.3249
14	0.85	0.1914	0.1914	0.1914
14	0.90	0.0428	0.0428	0.0428
14	0.95	0.0000	0.0000	0.0000
15	0.00	0.9597	0.9597	0.9597
15	0.05	0.9597	0.9597	0.9597
15	0.10	0.9572	0.9572	0.9572
15	0.15	0.9572	0.9572	0.9572
15	0.20	0.9572	0.9572	0.9572
15	0.25	0.9572	0.9572	0.9572
15	0.30	0.9547	0.9547	0.9547
15	0.35	0.9471	0.9471	0.9471
15	0.40	0.9345	0.9345	0.9345
15	0.45	0.8992	0.8992	0.8992
15	0.50	0.8338	0.8338	0.8338
15	0.55	0.7909	0.7909	0.7909
15	0.60	0.6977	0.6977	0.6977
15	0.65	0.6121	0.6121	0.6121
15	0.70	0.5416	0.5416	0.5416
15	0.75	0.4509	0.4509	0.4509
15	0.80	0.3249	0.3249	0.3249
15	0.85	0.1914	0.1914	0.1914
15	0.90	0.0428	0.0428	0.0428
15	0.95	0.0000	0.0000	0.0000

Best Precision (doc avg): 0.9597	Limit: 15	Threshold: 0.05
Best    Recall (doc avg): 0.9597	Limit: 15	Threshold: 0.05
Best  F1 score (doc avg): 0.9597	Limit: 15	Threshold: 0.05
Best              NDCG@5: 0.9849	Limit: 15	Threshold: 0.05
Best             NDCG@10: 0.9849	Limit: 15	Threshold: 0.05
Documents evaluated:	397
