Limit	Thresh.	Prec.	Rec.	F1
1	0.00	0.4566	0.3724	0.4005
1	0.05	0.4566	0.3724	0.4005
1	0.10	0.4541	0.3699	0.3980
1	0.15	0.4541	0.3699	0.3980
1	0.20	0.4541	0.3699	0.3980
1	0.25	0.4541	0.3699	0.3980
1	0.30	0.4541	0.3699	0.3980
1	0.35	0.4515	0.3686	0.3963
1	0.40	0.4464	0.3635	0.3912
1	0.45	0.4337	0.3520	0.3793
1	0.50	0.4005	0.3240	0.3495
1	0.55	0.3852	0.3112	0.3359
1	0.60	0.3495	0.2781	0.3019
1	0.65	0.3163	0.2500	0.2721
1	0.70	0.2883	0.2296	0.2491
1	0.75	0.2653	0.2143	0.2313
1	0.80	0.2143	0.1760	0.1888
1	0.85	0.1454	0.1148	0.1250
1	0.90	0.0408	0.0255	0.0306
1	0.95	0.0026	0.0013	0.0017
2	0.00	0.4426	0.7321	0.5391
2	0.05	0.4426	0.7321	0.5391
2	0.10	0.4413	0.7296	0.5374
2	0.15	0.4413	0.7296	0.5374
2	0.20	0.4413	0.7296	0.5374
2	0.25	0.4413	0.7296	0.5374
2	0.30	0.4413	0.7296	0.5374
2	0.35	0.4388	0.7219	0.5332
2	0.40	0.4349	0.7168	0.5289
2	0.45	0.4247	0.6888	0.5123
2	0.50	0.3992	0.6492	0.4821
2	0.55	0.3839	0.6135	0.4600
2	0.60	0.3508	0.5536	0.4179
2	0.65	0.3125	0.4872	0.3699
2	0.70	0.2806	0.4401	0.3338
2	0.75	0.2513	0.3839	0.2934
2	0.80	0.1926	0.2946	0.2245
2	0.85	0.1288	0.1811	0.1433
2	0.90	0.0383	0.0472	0.0404
2	0.95	0.0026	0.0013	0.0017
3	0.00	0.3546	0.8712	0.4934
3	0.05	0.3546	0.8712	0.4934
3	0.10	0.3537	0.8686	0.4921
3	0.15	0.3537	0.8686	0.4921
3	0.20	0.3537	0.8686	0.4921
3	0.25	0.3537	0.8686	0.4921
3	0.30	0.3537	0.8661	0.4913
3	0.35	0.3520	0.8559	0.4875
3	0.40	0.3491	0.8508	0.4841
3	0.45	0.3427	0.8138	0.4692
3	0.50	0.3172	0.7577	0.4355
3	0.55	0.3070	0.7156	0.4173
3	0.60	0.2785	0.6403	0.3766
3	0.65	0.2436	0.5548	0.3278
3	0.70	0.2143	0.4949	0.2914
3	0.75	0.1939	0.4247	0.2545
3	0.80	0.1501	0.3278	0.1959
3	0.85	0.1088	0.2003	0.1307
3	0.90	0.0378	0.0548	0.0421
3	0.95	0.0026	0.0013	0.0017
4	0.00	0.2895	0.9528	0.4359
4	0.05	0.2895	0.9528	0.4359
4	0.10	0.2883	0.9477	0.4338
4	0.15	0.2883	0.9477	0.4338
4	0.20	0.2883	0.9477	0.4338
4	0.25	0.2883	0.9477	0.4338
4	0.30	0.2893	0.9452	0.4342
4	0.35	0.2885	0.9349	0.4314
4	0.40	0.2878	0.9298	0.4304
4	0.45	0.2844	0.8878	0.4184
4	0.50	0.2604	0.8202	0.3849
4	0.55	0.2521	0.7666	0.3675
4	0.60	0.2298	0.6888	0.3333
4	0.65	0.2009	0.6008	0.2906
4	0.70	0.1745	0.5319	0.2559
4	0.75	0.1607	0.4477	0.2230
4	0.80	0.1233	0.3355	0.1690
4	0.85	0.0948	0.2028	0.1168
4	0.90	0.0372	0.0548	0.0415
4	0.95	0.0026	0.0013	0.0017
5	0.00	0.2327	0.9566	0.3681
5	0.05	0.2327	0.9566	0.3681
5	0.10	0.2316	0.9515	0.3664
5	0.15	0.2316	0.9515	0.3664
5	0.20	0.2316	0.9515	0.3664
5	0.25	0.2318	0.9515	0.3665
5	0.30	0.2336	0.9490	0.3678
5	0.35	0.2336	0.9388	0.3661
5	0.40	0.2367	0.9337	0.3697
5	0.45	0.2358	0.8916	0.3610
5	0.50	0.2170	0.8240	0.3341
5	0.55	0.2121	0.7679	0.3203
5	0.60	0.1935	0.6901	0.2908
5	0.65	0.1681	0.6020	0.2521
5	0.70	0.1461	0.5319	0.2224
5	0.75	0.1407	0.4477	0.1996
5	0.80	0.1097	0.3355	0.1533
5	0.85	0.0918	0.2028	0.1136
5	0.90	0.0372	0.0548	0.0415
5	0.95	0.0026	0.0013	0.0017
6	0.00	0.2327	0.9566	0.3681
6	0.05	0.2327	0.9566	0.3681
6	0.10	0.2316	0.9515	0.3664
6	0.15	0.2316	0.9515	0.3664
6	0.20	0.2316	0.9515	0.3664
6	0.25	0.2318	0.9515	0.3665
6	0.30	0.2336	0.9490	0.3678
6	0.35	0.2336	0.9388	0.3661
6	0.40	0.2367	0.9337	0.3697
6	0.45	0.2358	0.8916	0.3610
6	0.50	0.2170	0.8240	0.3341
6	0.55	0.2121	0.7679	0.3203
6	0.60	0.1935	0.6901	0.2908
6	0.65	0.1681	0.6020	0.2521
6	0.70	0.1461	0.5319	0.2224
6	0.75	0.1407	0.4477	0.1996
6	0.80	0.1097	0.3355	0.1533
6	0.85	0.0918	0.2028	0.1136
6	0.90	0.0372	0.0548	0.0415
6	0.95	0.0026	0.0013	0.0017
7	0.00	0.2327	0.9566	0.3681
7	0.05	0.2327	0.9566	0.3681
7	0.10	0.2316	0.9515	0.3664
7	0.15	0.2316	0.9515	0.3664
7	0.20	0.2316	0.9515	0.3664
7	0.25	0.2318	0.9515	0.3665
7	0.30	0.2336	0.9490	0.3678
7	0.35	0.2336	0.9388	0.3661
7	0.40	0.2367	0.9337	0.3697
7	0.45	0.2358	0.8916	0.3610
7	0.50	0.2170	0.8240	0.3341
7	0.55	0.2121	0.7679	0.3203
7	0.60	0.1935	0.6901	0.2908
7	0.65	0.1681	0.6020	0.2521
7	0.70	0.1461	0.5319	0.2224
7	0.75	0.1407	0.4477	0.1996
7	0.80	0.1097	0.3355	0.1533
7	0.85	0.0918	0.2028	0.1136
7	0.90	0.0372	0.0548	0.0415
7	0.95	0.0026	0.0013	0.0017
8	0.00	0.2327	0.9566	0.3681
8	0.05	0.2327	0.9566	0.3681
8	0.10	0.2316	0.9515	0.3664
8	0.15	0.2316	0.9515	0.3664
8	0.20	0.2316	0.9515	0.3664
8	0.25	0.2318	0.9515	0.3665
8	0.30	0.2336	0.9490	0.3678
8	0.35	0.2336	0.9388	0.3661
8	0.40	0.2367	0.9337	0.3697
8	0.45	0.2358	0.8916	0.3610
8	0.50	0.2170	0.8240	0.3341
8	0.55	0.2121	0.7679	0.3203
8	0.60	0.1935	0.6901	0.2908
8	0.65	0.1681	0.6020	0.2521
8	0.70	0.1461	0.5319	0.2224
8	0.75	0.1407	0.4477	0.1996
8	0.80	0.1097	0.3355	0.1533
8	0.85	0.0918	0.2028	0.1136
8	0.90	0.0372	0.0548	0.0415
8	0.95	0.0026	0.0013	0.0017
9	0.00	0.2327	0.9566	0.3681
9	0.05	0.2327	0.9566	0.3681
9	0.10	0.2316	0.9515	0.3664
9	0.15	0.2316	0.9515	0.3664
9	0.20	0.2316	0.9515	0.3664
9	0.25	0.2318	0.9515	0.3665
9	0.30	0.2336	0.9490	0.3678
9	0.35	0.2336	0.9388	0.3661
9	0.40	0.2367	0.9337	0.3697
9	0.45	0.2358	0.8916	0.3610
9	0.50	0.2170	0.8240	0.3341
9	0.55	0.2121	0.7679	0.3203
9	0.60	0.1935	0.6901	0.2908
9	0.65	0.1681	0.6020	0.2521
9	0.70	0.1461	0.5319	0.2224
9	0.75	0.1407	0.4477	0.1996
9	0.80	0.1097	0.3355	0.1533
9	0.85	0.0918	0.2028	0.1136
9	0.90	0.0372	0.0548	0.0415
9	0.95	0.0026	0.0013	0.0017
10	0.00	0.2327	0.9566	0.3681
10	0.05	0.2327	0.9566	0.3681
10	0.10	0.2316	0.9515	0.3664
10	0.15	0.2316	0.9515	0.3664
10	0.20	0.2316	0.9515	0.3664
10	0.25	0.2318	0.9515	0.3665
10	0.30	0.2336	0.9490	0.3678
10	0.35	0.2336	0.9388	0.3661
10	0.40	0.2367	0.9337	0.3697
10	0.45	0.2358	0.8916	0.3610
10	0.50	0.2170	0.8240	0.3341
10	0.55	0.2121	0.7679	0.3203
10	0.60	0.1935	0.6901	0.2908
10	0.65	0.1681	0.6020	0.2521
10	0.70	0.1461	0.5319	0.2224
10	0.75	0.1407	0.4477	0.1996
10	0.80	0.1097	0.3355	0.1533
10	0.85	0.0918	0.2028	0.1136
10	0.90	0.0372	0.0548	0.0415
10	0.95	0.0026	0.0013	0.0017
11	0.00	0.2327	0.9566	0.3681
11	0.05	0.2327	0.9566	0.3681
11	0.10	0.2316	0.9515	0.3664
11	0.15	0.2316	0.9515	0.3664
11	0.20	0.2316	0.9515	0.3664
11	0.25	0.2318	0.9515	0.3665
11	0.30	0.2336	0.9490	0.3678
11	0.35	0.2336	0.9388	0.3661
11	0.40	0.2367	0.9337	0.3697
11	0.45	0.2358	0.8916	0.3610
11	0.50	0.2170	0.8240	0.3341
11	0.55	0.2121	0.7679	0.3203
11	0.60	0.1935	0.6901	0.2908
11	0.65	0.1681	0.6020	0.2521
11	0.70	0.1461	0.5319	0.2224
11	0.75	0.1407	0.4477	0.1996
11	0.80	0.1097	0.3355	0.1533
11	0.85	0.0918	0.2028	0.1136
11	0.90	0.0372	0.0548	0.0415
11	0.95	0.0026	0.0013	0.0017
12	0.00	0.2327	0.9566	0.3681
12	0.05	0.2327	0.9566	0.3681
12	0.10	0.2316	0.9515	0.3664
12	0.15	0.2316	0.9515	0.3664
12	0.20	0.2316	0.9515	0.3664
12	0.25	0.2318	0.9515	0.3665
12	0.30	0.2336	0.9490	0.3678
12	0.35	0.2336	0.9388	0.3661
12	0.40	0.2367	0.9337	0.3697
12	0.45	0.2358	0.8916	0.3610
12	0.50	0.2170	0.8240	0.3341
12	0.55	0.2121	0.7679	0.3203
12	0.60	0.1935	0.6901	0.2908
12	0.65	0.1681	0.6020	0.2521
12	0.70	0.1461	0.5319	0.2224
12	0.75	0.1407	0.4477	0.1996
12	0.80	0.1097	0.3355	0.1533
12	0.85	0.0918	0.2028	0.1136
12	0.90	0.0372	0.0548	0.0415
12	0.95	0.0026	0.0013	0.0017
13	0.00	0.2327	0.9566	0.3681
13	0.05	0.2327	0.9566	0.3681
13	0.10	0.2316	0.9515	0.3664
13	0.15	0.2316	0.9515	0.3664
13	0.20	0.2316	0.9515	0.3664
13	0.25	0.2318	0.9515	0.3665
13	0.30	0.2336	0.9490	0.3678
13	0.35	0.2336	0.9388	0.3661
13	0.40	0.2367	0.9337	0.3697
13	0.45	0.2358	0.8916	0.3610
13	0.50	0.2170	0.8240	0.3341
13	0.55	0.2121	0.7679	0.3203
13	0.60	0.1935	0.6901	0.2908
13	0.65	0.1681	0.6020	0.2521
13	0.70	0.1461	0.5319	0.2224
13	0.75	0.1407	0.4477	0.1996
13	0.80	0.1097	0.3355	0.1533
13	0.85	0.0918	0.2028	0.1136
13	0.90	0.0372	0.0548	0.0415
13	0.95	0.0026	0.0013	0.0017
14	0.00	0.2327	0.9566	0.3681
14	0.05	0.2327	0.9566	0.3681
14	0.10	0.2316	0.9515	0.3664
14	0.15	0.2316	0.9515	0.3664
14	0.20	0.2316	0.9515	0.3664
14	0.25	0.2318	0.9515	0.3665
14	0.30	0.2336	0.9490	0.3678
14	0.35	0.2336	0.9388	0.3661
14	0.40	0.2367	0.9337	0.3697
14	0.45	0.2358	0.8916	0.3610
14	0.50	0.2170	0.8240	0.3341
14	0.55	0.2121	0.7679	0.3203
14	0.60	0.1935	0.6901	0.2908
14	0.65	0.1681	0.6020	0.2521
14	0.70	0.1461	0.5319	0.2224
14	0.75	0.1407	0.4477	0.1996
14	0.80	0.1097	0.3355	0.1533
14	0.85	0.0918	0.2028	0.1136
14	0.90	0.0372	0.0548	0.0415
14	0.95	0.0026	0.0013	0.0017
15	0.00	0.2327	0.9566	0.3681
15	0.05	0.2327	0.9566	0.3681
15	0.10	0.2316	0.9515	0.3664
15	0.15	0.2316	0.9515	0.3664
15	0.20	0.2316	0.9515	0.3664
15	0.25	0.2318	0.9515	0.3665
15	0.30	0.2336	0.9490	0.3678
15	0.35	0.2336	0.9388	0.3661
15	0.40	0.2367	0.9337	0.3697
15	0.45	0.2358	0.8916	0.3610
15	0.50	0.2170	0.8240	0.3341
15	0.55	0.2121	0.7679	0.3203
15	0.60	0.1935	0.6901	0.2908
15	0.65	0.1681	0.6020	0.2521
15	0.70	0.1461	0.5319	0.2224
15	0.75	0.1407	0.4477	0.1996
15	0.80	0.1097	0.3355	0.1533
15	0.85	0.0918	0.2028	0.1136
15	0.90	0.0372	0.0548	0.0415
15	0.95	0.0026	0.0013	0.0017

Best Precision (doc avg): 0.4566	Limit: 1	Threshold: 0.05
Best    Recall (doc avg): 0.9566	Limit: 15	Threshold: 0.05
Best  F1 score (doc avg): 0.5391	Limit: 2	Threshold: 0.05
Best              NDCG@5: 0.7836	Limit: 15	Threshold: 0.05
Best             NDCG@10: 0.7836	Limit: 15	Threshold: 0.05
Documents evaluated:	392
