Limit	Thresh.	Prec.	Rec.	F1
1	0.00	0.5490	0.4323	0.4675
1	0.05	0.5490	0.4323	0.4675
1	0.10	0.5490	0.4323	0.4675
1	0.15	0.5490	0.4323	0.4675
1	0.20	0.5490	0.4323	0.4675
1	0.25	0.5490	0.4323	0.4675
1	0.30	0.5490	0.4323	0.4675
1	0.35	0.5464	0.4298	0.4649
1	0.40	0.5464	0.4298	0.4649
1	0.45	0.5361	0.4195	0.4546
1	0.50	0.5129	0.3988	0.4332
1	0.55	0.4923	0.3782	0.4125
1	0.60	0.4536	0.3460	0.3782
1	0.65	0.4201	0.3164	0.3473
1	0.70	0.3840	0.2867	0.3155
1	0.75	0.3196	0.2427	0.2650
1	0.80	0.2835	0.2109	0.2320
1	0.85	0.2139	0.1551	0.1718
1	0.90	0.0902	0.0593	0.0679
1	0.95	0.0206	0.0142	0.0159
2	0.00	0.4162	0.6134	0.4760
2	0.05	0.4162	0.6134	0.4760
2	0.10	0.4162	0.6134	0.4760
2	0.15	0.4162	0.6134	0.4760
2	0.20	0.4162	0.6134	0.4760
2	0.25	0.4162	0.6134	0.4760
2	0.30	0.4162	0.6134	0.4760
2	0.35	0.4149	0.6108	0.4743
2	0.40	0.4137	0.6082	0.4726
2	0.45	0.4085	0.5902	0.4627
2	0.50	0.3943	0.5687	0.4466
2	0.55	0.3892	0.5417	0.4329
2	0.60	0.3608	0.4953	0.3981
2	0.65	0.3466	0.4566	0.3751
2	0.70	0.3209	0.4070	0.3396
2	0.75	0.2642	0.3389	0.2828
2	0.80	0.2371	0.2805	0.2418
2	0.85	0.1869	0.1916	0.1785
2	0.90	0.0863	0.0713	0.0743
2	0.95	0.0206	0.0142	0.0159
3	0.00	0.3230	0.7019	0.4255
3	0.05	0.3230	0.7019	0.4255
3	0.10	0.3230	0.7019	0.4255
3	0.15	0.3230	0.7019	0.4255
3	0.20	0.3230	0.7019	0.4255
3	0.25	0.3230	0.7019	0.4255
3	0.30	0.3230	0.7019	0.4255
3	0.35	0.3226	0.6993	0.4247
3	0.40	0.3209	0.6954	0.4223
3	0.45	0.3187	0.6748	0.4150
3	0.50	0.3071	0.6508	0.4006
3	0.55	0.3058	0.6147	0.3885
3	0.60	0.2839	0.5593	0.3571
3	0.65	0.2766	0.5116	0.3377
3	0.70	0.2590	0.4530	0.3062
3	0.75	0.2122	0.3707	0.2538
3	0.80	0.1985	0.3033	0.2207
3	0.85	0.1680	0.2070	0.1710
3	0.90	0.0842	0.0722	0.0730
3	0.95	0.0206	0.0142	0.0159
4	0.00	0.2597	0.7496	0.3723
4	0.05	0.2597	0.7496	0.3723
4	0.10	0.2597	0.7496	0.3723
4	0.15	0.2597	0.7496	0.3723
4	0.20	0.2597	0.7496	0.3723
4	0.25	0.2597	0.7496	0.3723
4	0.30	0.2599	0.7496	0.3725
4	0.35	0.2590	0.7457	0.3711
4	0.40	0.2575	0.7405	0.3688
4	0.45	0.2575	0.7186	0.3637
4	0.50	0.2459	0.6881	0.3484
4	0.55	0.2485	0.6469	0.3398
4	0.60	0.2313	0.5881	0.3128
4	0.65	0.2292	0.5352	0.2979
4	0.70	0.2186	0.4766	0.2733
4	0.75	0.1791	0.3879	0.2271
4	0.80	0.1731	0.3080	0.1992
4	0.85	0.1553	0.2105	0.1615
4	0.90	0.0831	0.0722	0.0723
4	0.95	0.0206	0.0142	0.0159
5	0.00	0.2247	0.8157	0.3414
5	0.05	0.2247	0.8157	0.3414
5	0.10	0.2247	0.8157	0.3414
5	0.15	0.2247	0.8157	0.3414
5	0.20	0.2247	0.8157	0.3414
5	0.25	0.2247	0.8157	0.3414
5	0.30	0.2251	0.8157	0.3418
5	0.35	0.2245	0.8119	0.3406
5	0.40	0.2223	0.8003	0.3370
5	0.45	0.2218	0.7680	0.3303
5	0.50	0.2109	0.7311	0.3152
5	0.55	0.2137	0.6744	0.3054
5	0.60	0.1995	0.6108	0.2813
5	0.65	0.1995	0.5541	0.2688
5	0.70	0.1933	0.4929	0.2486
5	0.75	0.1591	0.4016	0.2083
5	0.80	0.1600	0.3166	0.1872
5	0.85	0.1485	0.2139	0.1557
5	0.90	0.0827	0.0722	0.0720
5	0.95	0.0206	0.0142	0.0159
6	0.00	0.2247	0.8157	0.3414
6	0.05	0.2247	0.8157	0.3414
6	0.10	0.2247	0.8157	0.3414
6	0.15	0.2247	0.8157	0.3414
6	0.20	0.2247	0.8157	0.3414
6	0.25	0.2247	0.8157	0.3414
6	0.30	0.2251	0.8157	0.3418
6	0.35	0.2245	0.8119	0.3406
6	0.40	0.2223	0.8003	0.3370
6	0.45	0.2218	0.7680	0.3303
6	0.50	0.2109	0.7311	0.3152
6	0.55	0.2137	0.6744	0.3054
6	0.60	0.1995	0.6108	0.2813
6	0.65	0.1995	0.5541	0.2688
6	0.70	0.1933	0.4929	0.2486
6	0.75	0.1591	0.4016	0.2083
6	0.80	0.1600	0.3166	0.1872
6	0.85	0.1485	0.2139	0.1557
6	0.90	0.0827	0.0722	0.0720
6	0.95	0.0206	0.0142	0.0159
7	0.00	0.2247	0.8157	0.3414
7	0.05	0.2247	0.8157	0.3414
7	0.10	0.2247	0.8157	0.3414
7	0.15	0.2247	0.8157	0.3414
7	0.20	0.2247	0.8157	0.3414
7	0.25	0.2247	0.8157	0.3414
7	0.30	0.2251	0.8157	0.3418
7	0.35	0.2245	0.8119	0.3406
7	0.40	0.2223	0.8003	0.3370
7	0.45	0.2218	0.7680	0.3303
7	0.50	0.2109	0.7311	0.3152
7	0.55	0.2137	0.6744	0.3054
7	0.60	0.1995	0.6108	0.2813
7	0.65	0.1995	0.5541	0.2688
7	0.70	0.1933	0.4929	0.2486
7	0.75	0.1591	0.4016	0.2083
7	0.80	0.1600	0.3166	0.1872
7	0.85	0.1485	0.2139	0.1557
7	0.90	0.0827	0.0722	0.0720
7	0.95	0.0206	0.0142	0.0159
8	0.00	0.2247	0.8157	0.3414
8	0.05	0.2247	0.8157	0.3414
8	0.10	0.2247	0.8157	0.3414
8	0.15	0.2247	0.8157	0.3414
8	0.20	0.2247	0.8157	0.3414
8	0.25	0.2247	0.8157	0.3414
8	0.30	0.2251	0.8157	0.3418
8	0.35	0.2245	0.8119	0.3406
8	0.40	0.2223	0.8003	0.3370
8	0.45	0.2218	0.7680	0.3303
8	0.50	0.2109	0.7311	0.3152
8	0.55	0.2137	0.6744	0.3054
8	0.60	0.1995	0.6108	0.2813
8	0.65	0.1995	0.5541	0.2688
8	0.70	0.1933	0.4929	0.2486
8	0.75	0.1591	0.4016	0.2083
8	0.80	0.1600	0.3166	0.1872
8	0.85	0.1485	0.2139	0.1557
8	0.90	0.0827	0.0722	0.0720
8	0.95	0.0206	0.0142	0.0159
9	0.00	0.2247	0.8157	0.3414
9	0.05	0.2247	0.8157	0.3414
9	0.10	0.2247	0.8157	0.3414
9	0.15	0.2247	0.8157	0.3414
9	0.20	0.2247	0.8157	0.3414
9	0.25	0.2247	0.8157	0.3414
9	0.30	0.2251	0.8157	0.3418
9	0.35	0.2245	0.8119	0.3406
9	0.40	0.2223	0.8003	0.3370
9	0.45	0.2218	0.7680	0.3303
9	0.50	0.2109	0.7311	0.3152
9	0.55	0.2137	0.6744	0.3054
9	0.60	0.1995	0.6108	0.2813
9	0.65	0.1995	0.5541	0.2688
9	0.70	0.1933	0.4929	0.2486
9	0.75	0.1591	0.4016	0.2083
9	0.80	0.1600	0.3166	0.1872
9	0.85	0.1485	0.2139	0.1557
9	0.90	0.0827	0.0722	0.0720
9	0.95	0.0206	0.0142	0.0159
10	0.00	0.2247	0.8157	0.3414
10	0.05	0.2247	0.8157	0.3414
10	0.10	0.2247	0.8157	0.3414
10	0.15	0.2247	0.8157	0.3414
10	0.20	0.2247	0.8157	0.3414
10	0.25	0.2247	0.8157	0.3414
10	0.30	0.2251	0.8157	0.3418
10	0.35	0.2245	0.8119	0.3406
10	0.40	0.2223	0.8003	0.3370
10	0.45	0.2218	0.7680	0.3303
10	0.50	0.2109	0.7311	0.3152
10	0.55	0.2137	0.6744	0.3054
10	0.60	0.1995	0.6108	0.2813
10	0.65	0.1995	0.5541	0.2688
10	0.70	0.1933	0.4929	0.2486
10	0.75	0.1591	0.4016	0.2083
10	0.80	0.1600	0.3166	0.1872
10	0.85	0.1485	0.2139	0.1557
10	0.90	0.0827	0.0722	0.0720
10	0.95	0.0206	0.0142	0.0159
11	0.00	0.2247	0.8157	0.3414
11	0.05	0.2247	0.8157	0.3414
11	0.10	0.2247	0.8157	0.3414
11	0.15	0.2247	0.8157	0.3414
11	0.20	0.2247	0.8157	0.3414
11	0.25	0.2247	0.8157	0.3414
11	0.30	0.2251	0.8157	0.3418
11	0.35	0.2245	0.8119	0.3406
11	0.40	0.2223	0.8003	0.3370
11	0.45	0.2218	0.7680	0.3303
11	0.50	0.2109	0.7311	0.3152
11	0.55	0.2137	0.6744	0.3054
11	0.60	0.1995	0.6108	0.2813
11	0.65	0.1995	0.5541	0.2688
11	0.70	0.1933	0.4929	0.2486
11	0.75	0.1591	0.4016	0.2083
11	0.80	0.1600	0.3166	0.1872
11	0.85	0.1485	0.2139	0.1557
11	0.90	0.0827	0.0722	0.0720
11	0.95	0.0206	0.0142	0.0159
12	0.00	0.2247	0.8157	0.3414
12	0.05	0.2247	0.8157	0.3414
12	0.10	0.2247	0.8157	0.3414
12	0.15	0.2247	0.8157	0.3414
12	0.20	0.2247	0.8157	0.3414
12	0.25	0.2247	0.8157	0.3414
12	0.30	0.2251	0.8157	0.3418
12	0.35	0.2245	0.8119	0.3406
12	0.40	0.2223	0.8003	0.3370
12	0.45	0.2218	0.7680	0.3303
12	0.50	0.2109	0.7311	0.3152
12	0.55	0.2137	0.6744	0.3054
12	0.60	0.1995	0.6108	0.2813
12	0.65	0.1995	0.5541	0.2688
12	0.70	0.1933	0.4929	0.2486
12	0.75	0.1591	0.4016	0.2083
12	0.80	0.1600	0.3166	0.1872
12	0.85	0.1485	0.2139	0.1557
12	0.90	0.0827	0.0722	0.0720
12	0.95	0.0206	0.0142	0.0159
13	0.00	0.2247	0.8157	0.3414
13	0.05	0.2247	0.8157	0.3414
13	0.10	0.2247	0.8157	0.3414
13	0.15	0.2247	0.8157	0.3414
13	0.20	0.2247	0.8157	0.3414
13	0.25	0.2247	0.8157	0.3414
13	0.30	0.2251	0.8157	0.3418
13	0.35	0.2245	0.8119	0.3406
13	0.40	0.2223	0.8003	0.3370
13	0.45	0.2218	0.7680	0.3303
13	0.50	0.2109	0.7311	0.3152
13	0.55	0.2137	0.6744	0.3054
13	0.60	0.1995	0.6108	0.2813
13	0.65	0.1995	0.5541	0.2688
13	0.70	0.1933	0.4929	0.2486
13	0.75	0.1591	0.4016	0.2083
13	0.80	0.1600	0.3166	0.1872
13	0.85	0.1485	0.2139	0.1557
13	0.90	0.0827	0.0722	0.0720
13	0.95	0.0206	0.0142	0.0159
14	0.00	0.2247	0.8157	0.3414
14	0.05	0.2247	0.8157	0.3414
14	0.10	0.2247	0.8157	0.3414
14	0.15	0.2247	0.8157	0.3414
14	0.20	0.2247	0.8157	0.3414
14	0.25	0.2247	0.8157	0.3414
14	0.30	0.2251	0.8157	0.3418
14	0.35	0.2245	0.8119	0.3406
14	0.40	0.2223	0.8003	0.3370
14	0.45	0.2218	0.7680	0.3303
14	0.50	0.2109	0.7311	0.3152
14	0.55	0.2137	0.6744	0.3054
14	0.60	0.1995	0.6108	0.2813
14	0.65	0.1995	0.5541	0.2688
14	0.70	0.1933	0.4929	0.2486
14	0.75	0.1591	0.4016	0.2083
14	0.80	0.1600	0.3166	0.1872
14	0.85	0.1485	0.2139	0.1557
14	0.90	0.0827	0.0722	0.0720
14	0.95	0.0206	0.0142	0.0159
15	0.00	0.2247	0.8157	0.3414
15	0.05	0.2247	0.8157	0.3414
15	0.10	0.2247	0.8157	0.3414
15	0.15	0.2247	0.8157	0.3414
15	0.20	0.2247	0.8157	0.3414
15	0.25	0.2247	0.8157	0.3414
15	0.30	0.2251	0.8157	0.3418
15	0.35	0.2245	0.8119	0.3406
15	0.40	0.2223	0.8003	0.3370
15	0.45	0.2218	0.7680	0.3303
15	0.50	0.2109	0.7311	0.3152
15	0.55	0.2137	0.6744	0.3054
15	0.60	0.1995	0.6108	0.2813
15	0.65	0.1995	0.5541	0.2688
15	0.70	0.1933	0.4929	0.2486
15	0.75	0.1591	0.4016	0.2083
15	0.80	0.1600	0.3166	0.1872
15	0.85	0.1485	0.2139	0.1557
15	0.90	0.0827	0.0722	0.0720
15	0.95	0.0206	0.0142	0.0159

Best Precision (doc avg): 0.5490	Limit: 1	Threshold: 0.30
Best    Recall (doc avg): 0.8157	Limit: 15	Threshold: 0.30
Best  F1 score (doc avg): 0.4760	Limit: 2	Threshold: 0.30
Best              NDCG@5: 0.7290	Limit: 15	Threshold: 0.30
Best             NDCG@10: 0.7290	Limit: 15	Threshold: 0.30
Documents evaluated:	388
