Limit	Thresh.	Prec.	Rec.	F1
1	0.00	0.4307	0.3463	0.3745
1	0.05	0.4307	0.3463	0.3745
1	0.10	0.4307	0.3463	0.3745
1	0.15	0.4307	0.3463	0.3745
1	0.20	0.4307	0.3463	0.3745
1	0.25	0.4307	0.3463	0.3745
1	0.30	0.4282	0.3451	0.3728
1	0.35	0.4257	0.3438	0.3711
1	0.40	0.4181	0.3363	0.3636
1	0.45	0.4081	0.3275	0.3543
1	0.50	0.3753	0.2997	0.3249
1	0.55	0.3577	0.2859	0.3098
1	0.60	0.3224	0.2544	0.2771
1	0.65	0.2972	0.2317	0.2536
1	0.70	0.2695	0.2116	0.2309
1	0.75	0.2443	0.1940	0.2107
1	0.80	0.1940	0.1574	0.1696
1	0.85	0.1285	0.1033	0.1117
1	0.90	0.0302	0.0227	0.0252
1	0.95	0.0000	0.0000	0.0000
2	0.00	0.4395	0.7166	0.5319
2	0.05	0.4395	0.7166	0.5319
2	0.10	0.4395	0.7166	0.5319
2	0.15	0.4395	0.7166	0.5319
2	0.20	0.4395	0.7166	0.5319
2	0.25	0.4395	0.7166	0.5319
2	0.30	0.4370	0.7141	0.5294
2	0.35	0.4345	0.7091	0.5260
2	0.40	0.4307	0.7015	0.5210
2	0.45	0.4244	0.6814	0.5092
2	0.50	0.3929	0.6322	0.4719
2	0.55	0.3741	0.5995	0.4488
2	0.60	0.3451	0.5416	0.4106
2	0.65	0.3136	0.4861	0.3703
2	0.70	0.2796	0.4332	0.3304
2	0.75	0.2506	0.3766	0.2901
2	0.80	0.1902	0.2859	0.2196
2	0.85	0.1272	0.1751	0.1398
2	0.90	0.0390	0.0466	0.0411
2	0.95	0.0000	0.0000	0.0000
3	0.00	0.3484	0.8476	0.4831
3	0.05	0.3484	0.8476	0.4831
3	0.10	0.3476	0.8451	0.4819
3	0.15	0.3476	0.8451	0.4819
3	0.20	0.3476	0.8451	0.4819
3	0.25	0.3476	0.8451	0.4819
3	0.30	0.3459	0.8401	0.4791
3	0.35	0.3451	0.8350	0.4774
3	0.40	0.3409	0.8249	0.4715
3	0.45	0.3384	0.7960	0.4615
3	0.50	0.3107	0.7355	0.4250
3	0.55	0.2968	0.6965	0.4055
3	0.60	0.2708	0.6184	0.3661
3	0.65	0.2443	0.5466	0.3270
3	0.70	0.2145	0.4861	0.2893
3	0.75	0.1965	0.4244	0.2563
3	0.80	0.1507	0.3212	0.1947
3	0.85	0.1096	0.1965	0.1298
3	0.90	0.0390	0.0554	0.0436
3	0.95	0.0000	0.0000	0.0000
4	0.00	0.2947	0.9559	0.4418
4	0.05	0.2947	0.9559	0.4418
4	0.10	0.2935	0.9509	0.4398
4	0.15	0.2935	0.9509	0.4398
4	0.20	0.2935	0.9509	0.4398
4	0.25	0.2935	0.9509	0.4398
4	0.30	0.2930	0.9458	0.4382
4	0.35	0.2922	0.9383	0.4363
4	0.40	0.2899	0.9257	0.4321
4	0.45	0.2905	0.8904	0.4249
4	0.50	0.2607	0.8111	0.3839
4	0.55	0.2504	0.7632	0.3672
4	0.60	0.2303	0.6826	0.3340
4	0.65	0.2074	0.6033	0.2977
4	0.70	0.1791	0.5327	0.2599
4	0.75	0.1641	0.4509	0.2267
4	0.80	0.1257	0.3325	0.1709
4	0.85	0.0963	0.2015	0.1174
4	0.90	0.0380	0.0554	0.0427
4	0.95	0.0000	0.0000	0.0000
5	0.00	0.2383	0.9673	0.3758
5	0.05	0.2383	0.9673	0.3758
5	0.10	0.2373	0.9622	0.3741
5	0.15	0.2373	0.9622	0.3741
5	0.20	0.2373	0.9622	0.3741
5	0.25	0.2375	0.9622	0.3744
5	0.30	0.2376	0.9572	0.3733
5	0.35	0.2377	0.9496	0.3726
5	0.40	0.2374	0.9370	0.3709
5	0.45	0.2428	0.9018	0.3697
5	0.50	0.2181	0.8224	0.3349
5	0.55	0.2110	0.7746	0.3221
5	0.60	0.1950	0.6914	0.2938
5	0.65	0.1760	0.6121	0.2619
5	0.70	0.1497	0.5378	0.2261
5	0.75	0.1432	0.4509	0.2026
5	0.80	0.1115	0.3325	0.1545
5	0.85	0.0913	0.2015	0.1119
5	0.90	0.0377	0.0554	0.0424
5	0.95	0.0000	0.0000	0.0000
6	0.00	0.2383	0.9673	0.3758
6	0.05	0.2383	0.9673	0.3758
6	0.10	0.2373	0.9622	0.3741
6	0.15	0.2373	0.9622	0.3741
6	0.20	0.2373	0.9622	0.3741
6	0.25	0.2375	0.9622	0.3744
6	0.30	0.2376	0.9572	0.3733
6	0.35	0.2377	0.9496	0.3726
6	0.40	0.2374	0.9370	0.3709
6	0.45	0.2428	0.9018	0.3697
6	0.50	0.2181	0.8224	0.3349
6	0.55	0.2110	0.7746	0.3221
6	0.60	0.1950	0.6914	0.2938
6	0.65	0.1760	0.6121	0.2619
6	0.70	0.1497	0.5378	0.2261
6	0.75	0.1432	0.4509	0.2026
6	0.80	0.1115	0.3325	0.1545
6	0.85	0.0913	0.2015	0.1119
6	0.90	0.0377	0.0554	0.0424
6	0.95	0.0000	0.0000	0.0000
7	0.00	0.2383	0.9673	0.3758
7	0.05	0.2383	0.9673	0.3758
7	0.10	0.2373	0.9622	0.3741
7	0.15	0.2373	0.9622	0.3741
7	0.20	0.2373	0.9622	0.3741
7	0.25	0.2375	0.9622	0.3744
7	0.30	0.2376	0.9572	0.3733
7	0.35	0.2377	0.9496	0.3726
7	0.40	0.2374	0.9370	0.3709
7	0.45	0.2428	0.9018	0.3697
7	0.50	0.2181	0.8224	0.3349
7	0.55	0.2110	0.7746	0.3221
7	0.60	0.1950	0.6914	0.2938
7	0.65	0.1760	0.6121	0.2619
7	0.70	0.1497	0.5378	0.2261
7	0.75	0.1432	0.4509	0.2026
7	0.80	0.1115	0.3325	0.1545
7	0.85	0.0913	0.2015	0.1119
7	0.90	0.0377	0.0554	0.0424
7	0.95	0.0000	0.0000	0.0000
8	0.00	0.2383	0.9673	0.3758
8	0.05	0.2383	0.9673	0.3758
8	0.10	0.2373	0.9622	0.3741
8	0.15	0.2373	0.9622	0.3741
8	0.20	0.2373	0.9622	0.3741
8	0.25	0.2375	0.9622	0.3744
8	0.30	0.2376	0.9572	0.3733
8	0.35	0.2377	0.9496	0.3726
8	0.40	0.2374	0.9370	0.3709
8	0.45	0.2428	0.9018	0.3697
8	0.50	0.2181	0.8224	0.3349
8	0.55	0.2110	0.7746	0.3221
8	0.60	0.1950	0.6914	0.2938
8	0.65	0.1760	0.6121	0.2619
8	0.70	0.1497	0.5378	0.2261
8	0.75	0.1432	0.4509	0.2026
8	0.80	0.1115	0.3325	0.1545
8	0.85	0.0913	0.2015	0.1119
8	0.90	0.0377	0.0554	0.0424
8	0.95	0.0000	0.0000	0.0000
9	0.00	0.2383	0.9673	0.3758
9	0.05	0.2383	0.9673	0.3758
9	0.10	0.2373	0.9622	0.3741
9	0.15	0.2373	0.9622	0.3741
9	0.20	0.2373	0.9622	0.3741
9	0.25	0.2375	0.9622	0.3744
9	0.30	0.2376	0.9572	0.3733
9	0.35	0.2377	0.9496	0.3726
9	0.40	0.2374	0.9370	0.3709
9	0.45	0.2428	0.9018	0.3697
9	0.50	0.2181	0.8224	0.3349
9	0.55	0.2110	0.7746	0.3221
9	0.60	0.1950	0.6914	0.2938
9	0.65	0.1760	0.6121	0.2619
9	0.70	0.1497	0.5378	0.2261
9	0.75	0.1432	0.4509	0.2026
9	0.80	0.1115	0.3325	0.1545
9	0.85	0.0913	0.2015	0.1119
9	0.90	0.0377	0.0554	0.0424
9	0.95	0.0000	0.0000	0.0000
10	0.00	0.2383	0.9673	0.3758
10	0.05	0.2383	0.9673	0.3758
10	0.10	0.2373	0.9622	0.3741
10	0.15	0.2373	0.9622	0.3741
10	0.20	0.2373	0.9622	0.3741
10	0.25	0.2375	0.9622	0.3744
10	0.30	0.2376	0.9572	0.3733
10	0.35	0.2377	0.9496	0.3726
10	0.40	0.2374	0.9370	0.3709
10	0.45	0.2428	0.9018	0.3697
10	0.50	0.2181	0.8224	0.3349
10	0.55	0.2110	0.7746	0.3221
10	0.60	0.1950	0.6914	0.2938
10	0.65	0.1760	0.6121	0.2619
10	0.70	0.1497	0.5378	0.2261
10	0.75	0.1432	0.4509	0.2026
10	0.80	0.1115	0.3325	0.1545
10	0.85	0.0913	0.2015	0.1119
10	0.90	0.0377	0.0554	0.0424
10	0.95	0.0000	0.0000	0.0000
11	0.00	0.2383	0.9673	0.3758
11	0.05	0.2383	0.9673	0.3758
11	0.10	0.2373	0.9622	0.3741
11	0.15	0.2373	0.9622	0.3741
11	0.20	0.2373	0.9622	0.3741
11	0.25	0.2375	0.9622	0.3744
11	0.30	0.2376	0.9572	0.3733
11	0.35	0.2377	0.9496	0.3726
11	0.40	0.2374	0.9370	0.3709
11	0.45	0.2428	0.9018	0.3697
11	0.50	0.2181	0.8224	0.3349
11	0.55	0.2110	0.7746	0.3221
11	0.60	0.1950	0.6914	0.2938
11	0.65	0.1760	0.6121	0.2619
11	0.70	0.1497	0.5378	0.2261
11	0.75	0.1432	0.4509	0.2026
11	0.80	0.1115	0.3325	0.1545
11	0.85	0.0913	0.2015	0.1119
11	0.90	0.0377	0.0554	0.0424
11	0.95	0.0000	0.0000	0.0000
12	0.00	0.2383	0.9673	0.3758
12	0.05	0.2383	0.9673	0.3758
12	0.10	0.2373	0.9622	0.3741
12	0.15	0.2373	0.9622	0.3741
12	0.20	0.2373	0.9622	0.3741
12	0.25	0.2375	0.9622	0.3744
12	0.30	0.2376	0.9572	0.3733
12	0.35	0.2377	0.9496	0.3726
12	0.40	0.2374	0.9370	0.3709
12	0.45	0.2428	0.9018	0.3697
12	0.50	0.2181	0.8224	0.3349
12	0.55	0.2110	0.7746	0.3221
12	0.60	0.1950	0.6914	0.2938
12	0.65	0.1760	0.6121	0.2619
12	0.70	0.1497	0.5378	0.2261
12	0.75	0.1432	0.4509	0.2026
12	0.80	0.1115	0.3325	0.1545
12	0.85	0.0913	0.2015	0.1119
12	0.90	0.0377	0.0554	0.0424
12	0.95	0.0000	0.0000	0.0000
13	0.00	0.2383	0.9673	0.3758
13	0.05	0.2383	0.9673	0.3758
13	0.10	0.2373	0.9622	0.3741
13	0.15	0.2373	0.9622	0.3741
13	0.20	0.2373	0.9622	0.3741
13	0.25	0.2375	0.9622	0.3744
13	0.30	0.2376	0.9572	0.3733
13	0.35	0.2377	0.9496	0.3726
13	0.40	0.2374	0.9370	0.3709
13	0.45	0.2428	0.9018	0.3697
13	0.50	0.2181	0.8224	0.3349
13	0.55	0.2110	0.7746	0.3221
13	0.60	0.1950	0.6914	0.2938
13	0.65	0.1760	0.6121	0.2619
13	0.70	0.1497	0.5378	0.2261
13	0.75	0.1432	0.4509	0.2026
13	0.80	0.1115	0.3325	0.1545
13	0.85	0.0913	0.2015	0.1119
13	0.90	0.0377	0.0554	0.0424
13	0.95	0.0000	0.0000	0.0000
14	0.00	0.2383	0.9673	0.3758
14	0.05	0.2383	0.9673	0.3758
14	0.10	0.2373	0.9622	0.3741
14	0.15	0.2373	0.9622	0.3741
14	0.20	0.2373	0.9622	0.3741
14	0.25	0.2375	0.9622	0.3744
14	0.30	0.2376	0.9572	0.3733
14	0.35	0.2377	0.9496	0.3726
14	0.40	0.2374	0.9370	0.3709
14	0.45	0.2428	0.9018	0.3697
14	0.50	0.2181	0.8224	0.3349
14	0.55	0.2110	0.7746	0.3221
14	0.60	0.1950	0.6914	0.2938
14	0.65	0.1760	0.6121	0.2619
14	0.70	0.1497	0.5378	0.2261
14	0.75	0.1432	0.4509	0.2026
14	0.80	0.1115	0.3325	0.1545
14	0.85	0.0913	0.2015	0.1119
14	0.90	0.0377	0.0554	0.0424
14	0.95	0.0000	0.0000	0.0000
15	0.00	0.2383	0.9673	0.3758
15	0.05	0.2383	0.9673	0.3758
15	0.10	0.2373	0.9622	0.3741
15	0.15	0.2373	0.9622	0.3741
15	0.20	0.2373	0.9622	0.3741
15	0.25	0.2375	0.9622	0.3744
15	0.30	0.2376	0.9572	0.3733
15	0.35	0.2377	0.9496	0.3726
15	0.40	0.2374	0.9370	0.3709
15	0.45	0.2428	0.9018	0.3697
15	0.50	0.2181	0.8224	0.3349
15	0.55	0.2110	0.7746	0.3221
15	0.60	0.1950	0.6914	0.2938
15	0.65	0.1760	0.6121	0.2619
15	0.70	0.1497	0.5378	0.2261
15	0.75	0.1432	0.4509	0.2026
15	0.80	0.1115	0.3325	0.1545
15	0.85	0.0913	0.2015	0.1119
15	0.90	0.0377	0.0554	0.0424
15	0.95	0.0000	0.0000	0.0000

Best Precision (doc avg): 0.4395	Limit: 2	Threshold: 0.25
Best    Recall (doc avg): 0.9673	Limit: 15	Threshold: 0.05
Best  F1 score (doc avg): 0.5319	Limit: 2	Threshold: 0.25
Best              NDCG@5: 0.7660	Limit: 15	Threshold: 0.05
Best             NDCG@10: 0.7660	Limit: 15	Threshold: 0.05
Documents evaluated:	397
