Limit	Thresh.	Prec.	Rec.	F1
1	0.00	0.9514	0.9514	0.9514
1	0.05	0.9514	0.9514	0.9514
1	0.10	0.9463	0.9463	0.9463
1	0.15	0.9463	0.9463	0.9463
1	0.20	0.9463	0.9463	0.9463
1	0.25	0.9463	0.9463	0.9463
1	0.30	0.9437	0.9437	0.9437
1	0.35	0.9309	0.9309	0.9309
1	0.40	0.9182	0.9182	0.9182
1	0.45	0.8824	0.8824	0.8824
1	0.50	0.8184	0.8184	0.8184
1	0.55	0.7775	0.7775	0.7775
1	0.60	0.7008	0.7008	0.7008
1	0.65	0.6087	0.6087	0.6087
1	0.70	0.5448	0.5448	0.5448
1	0.75	0.4527	0.4527	0.4527
1	0.80	0.3376	0.3376	0.3376
1	0.85	0.1969	0.1969	0.1969
1	0.90	0.0486	0.0486	0.0486
1	0.95	0.0000	0.0000	0.0000
2	0.00	0.9514	0.9514	0.9514
2	0.05	0.9514	0.9514	0.9514
2	0.10	0.9463	0.9463	0.9463
2	0.15	0.9463	0.9463	0.9463
2	0.20	0.9463	0.9463	0.9463
2	0.25	0.9463	0.9463	0.9463
2	0.30	0.9437	0.9437	0.9437
2	0.35	0.9309	0.9309	0.9309
2	0.40	0.9182	0.9182	0.9182
2	0.45	0.8824	0.8824	0.8824
2	0.50	0.8184	0.8184	0.8184
2	0.55	0.7775	0.7775	0.7775
2	0.60	0.7008	0.7008	0.7008
2	0.65	0.6087	0.6087	0.6087
2	0.70	0.5448	0.5448	0.5448
2	0.75	0.4527	0.4527	0.4527
2	0.80	0.3376	0.3376	0.3376
2	0.85	0.1969	0.1969	0.1969
2	0.90	0.0486	0.0486	0.0486
2	0.95	0.0000	0.0000	0.0000
3	0.00	0.9514	0.9514	0.9514
3	0.05	0.9514	0.9514	0.9514
3	0.10	0.9463	0.9463	0.9463
3	0.15	0.9463	0.9463	0.9463
3	0.20	0.9463	0.9463	0.9463
3	0.25	0.9463	0.9463	0.9463
3	0.30	0.9437	0.9437	0.9437
3	0.35	0.9309	0.9309	0.9309
3	0.40	0.9182	0.9182	0.9182
3	0.45	0.8824	0.8824	0.8824
3	0.50	0.8184	0.8184	0.8184
3	0.55	0.7775	0.7775	0.7775
3	0.60	0.7008	0.7008	0.7008
3	0.65	0.6087	0.6087	0.6087
3	0.70	0.5448	0.5448	0.5448
3	0.75	0.4527	0.4527	0.4527
3	0.80	0.3376	0.3376	0.3376
3	0.85	0.1969	0.1969	0.1969
3	0.90	0.0486	0.0486	0.0486
3	0.95	0.0000	0.0000	0.0000
4	0.00	0.9514	0.9514	0.9514
4	0.05	0.9514	0.9514	0.9514
4	0.10	0.9463	0.9463	0.9463
4	0.15	0.9463	0.9463	0.9463
4	0.20	0.9463	0.9463	0.9463
4	0.25	0.9463	0.9463	0.9463
4	0.30	0.9437	0.9437	0.9437
4	0.35	0.9309	0.9309	0.9309
4	0.40	0.9182	0.9182	0.9182
4	0.45	0.8824	0.8824	0.8824
4	0.50	0.8184	0.8184	0.8184
4	0.55	0.7775	0.7775	0.7775
4	0.60	0.7008	0.7008	0.7008
4	0.65	0.6087	0.6087	0.6087
4	0.70	0.5448	0.5448	0.5448
4	0.75	0.4527	0.4527	0.4527
4	0.80	0.3376	0.3376	0.3376
4	0.85	0.1969	0.1969	0.1969
4	0.90	0.0486	0.0486	0.0486
4	0.95	0.0000	0.0000	0.0000
5	0.00	0.9514	0.9514	0.9514
5	0.05	0.9514	0.9514	0.9514
5	0.10	0.9463	0.9463	0.9463
5	0.15	0.9463	0.9463	0.9463
5	0.20	0.9463	0.9463	0.9463
5	0.25	0.9463	0.9463	0.9463
5	0.30	0.9437	0.9437	0.9437
5	0.35	0.9309	0.9309	0.9309
5	0.40	0.9182	0.9182	0.9182
5	0.45	0.8824	0.8824	0.8824
5	0.50	0.8184	0.8184	0.8184
5	0.55	0.7775	0.7775	0.7775
5	0.60	0.7008	0.7008	0.7008
5	0.65	0.6087	0.6087	0.6087
5	0.70	0.5448	0.5448	0.5448
5	0.75	0.4527	0.4527	0.4527
5	0.80	0.3376	0.3376	0.3376
5	0.85	0.1969	0.1969	0.1969
5	0.90	0.0486	0.0486	0.0486
5	0.95	0.0000	0.0000	0.0000
6	0.00	0.9514	0.9514	0.9514
6	0.05	0.9514	0.9514	0.9514
6	0.10	0.9463	0.9463	0.9463
6	0.15	0.9463	0.9463	0.9463
6	0.20	0.9463	0.9463	0.9463
6	0.25	0.9463	0.9463	0.9463
6	0.30	0.9437	0.9437	0.9437
6	0.35	0.9309	0.9309	0.9309
6	0.40	0.9182	0.9182	0.9182
6	0.45	0.8824	0.8824	0.8824
6	0.50	0.8184	0.8184	0.8184
6	0.55	0.7775	0.7775	0.7775
6	0.60	0.7008	0.7008	0.7008
6	0.65	0.6087	0.6087	0.6087
6	0.70	0.5448	0.5448	0.5448
6	0.75	0.4527	0.4527	0.4527
6	0.80	0.3376	0.3376	0.3376
6	0.85	0.1969	0.1969	0.1969
6	0.90	0.0486	0.0486	0.0486
6	0.95	0.0000	0.0000	0.0000
7	0.00	0.9514	0.9514	0.9514
7	0.05	0.9514	0.9514	0.9514
7	0.10	0.9463	0.9463	0.9463
7	0.15	0.9463	0.9463	0.9463
7	0.20	0.9463	0.9463	0.9463
7	0.25	0.9463	0.9463	0.9463
7	0.30	0.9437	0.9437	0.9437
7	0.35	0.9309	0.9309	0.9309
7	0.40	0.9182	0.9182	0.9182
7	0.45	0.8824	0.8824	0.8824
7	0.50	0.8184	0.8184	0.8184
7	0.55	0.7775	0.7775	0.7775
7	0.60	0.7008	0.7008	0.7008
7	0.65	0.6087	0.6087	0.6087
7	0.70	0.5448	0.5448	0.5448
7	0.75	0.4527	0.4527	0.4527
7	0.80	0.3376	0.3376	0.3376
7	0.85	0.1969	0.1969	0.1969
7	0.90	0.0486	0.0486	0.0486
7	0.95	0.0000	0.0000	0.0000
8	0.00	0.9514	0.9514	0.9514
8	0.05	0.9514	0.9514	0.9514
8	0.10	0.9463	0.9463	0.9463
8	0.15	0.9463	0.9463	0.9463
8	0.20	0.9463	0.9463	0.9463
8	0.25	0.9463	0.9463	0.9463
8	0.30	0.9437	0.9437	0.9437
8	0.35	0.9309	0.9309	0.9309
8	0.40	0.9182	0.9182	0.9182
8	0.45	0.8824	0.8824	0.8824
8	0.50	0.8184	0.8184	0.8184
8	0.55	0.7775	0.7775	0.7775
8	0.60	0.7008	0.7008	0.7008
8	0.65	0.6087	0.6087	0.6087
8	0.70	0.5448	0.5448	0.5448
8	0.75	0.4527	0.4527	0.4527
8	0.80	0.3376	0.3376	0.3376
8	0.85	0.1969	0.1969	0.1969
8	0.90	0.0486	0.0486	0.0486
8	0.95	0.0000	0.0000	0.0000
9	0.00	0.9514	0.9514	0.9514
9	0.05	0.9514	0.9514	0.9514
9	0.10	0.9463	0.9463	0.9463
9	0.15	0.9463	0.9463	0.9463
9	0.20	0.9463	0.9463	0.9463
9	0.25	0.9463	0.9463	0.9463
9	0.30	0.9437	0.9437	0.9437
9	0.35	0.9309	0.9309	0.9309
9	0.40	0.9182	0.9182	0.9182
9	0.45	0.8824	0.8824	0.8824
9	0.50	0.8184	0.8184	0.8184
9	0.55	0.7775	0.7775	0.7775
9	0.60	0.7008	0.7008	0.7008
9	0.65	0.6087	0.6087	0.6087
9	0.70	0.5448	0.5448	0.5448
9	0.75	0.4527	0.4527	0.4527
9	0.80	0.3376	0.3376	0.3376
9	0.85	0.1969	0.1969	0.1969
9	0.90	0.0486	0.0486	0.0486
9	0.95	0.0000	0.0000	0.0000
10	0.00	0.9514	0.9514	0.9514
10	0.05	0.9514	0.9514	0.9514
10	0.10	0.9463	0.9463	0.9463
10	0.15	0.9463	0.9463	0.9463
10	0.20	0.9463	0.9463	0.9463
10	0.25	0.9463	0.9463	0.9463
10	0.30	0.9437	0.9437	0.9437
10	0.35	0.9309	0.9309	0.9309
10	0.40	0.9182	0.9182	0.9182
10	0.45	0.8824	0.8824	0.8824
10	0.50	0.8184	0.8184	0.8184
10	0.55	0.7775	0.7775	0.7775
10	0.60	0.7008	0.7008	0.7008
10	0.65	0.6087	0.6087	0.6087
10	0.70	0.5448	0.5448	0.5448
10	0.75	0.4527	0.4527	0.4527
10	0.80	0.3376	0.3376	0.3376
10	0.85	0.1969	0.1969	0.1969
10	0.90	0.0486	0.0486	0.0486
10	0.95	0.0000	0.0000	0.0000
11	0.00	0.9514	0.9514	0.9514
11	0.05	0.9514	0.9514	0.9514
11	0.10	0.9463	0.9463	0.9463
11	0.15	0.9463	0.9463	0.9463
11	0.20	0.9463	0.9463	0.9463
11	0.25	0.9463	0.9463	0.9463
11	0.30	0.9437	0.9437	0.9437
11	0.35	0.9309	0.9309	0.9309
11	0.40	0.9182	0.9182	0.9182
11	0.45	0.8824	0.8824	0.8824
11	0.50	0.8184	0.8184	0.8184
11	0.55	0.7775	0.7775	0.7775
11	0.60	0.7008	0.7008	0.7008
11	0.65	0.6087	0.6087	0.6087
11	0.70	0.5448	0.5448	0.5448
11	0.75	0.4527	0.4527	0.4527
11	0.80	0.3376	0.3376	0.3376
11	0.85	0.1969	0.1969	0.1969
11	0.90	0.0486	0.0486	0.0486
11	0.95	0.0000	0.0000	0.0000
12	0.00	0.9514	0.9514	0.9514
12	0.05	0.9514	0.9514	0.9514
12	0.10	0.9463	0.9463	0.9463
12	0.15	0.9463	0.9463	0.9463
12	0.20	0.9463	0.9463	0.9463
12	0.25	0.9463	0.9463	0.9463
12	0.30	0.9437	0.9437	0.9437
12	0.35	0.9309	0.9309	0.9309
12	0.40	0.9182	0.9182	0.9182
12	0.45	0.8824	0.8824	0.8824
12	0.50	0.8184	0.8184	0.8184
12	0.55	0.7775	0.7775	0.7775
12	0.60	0.7008	0.7008	0.7008
12	0.65	0.6087	0.6087	0.6087
12	0.70	0.5448	0.5448	0.5448
12	0.75	0.4527	0.4527	0.4527
12	0.80	0.3376	0.3376	0.3376
12	0.85	0.1969	0.1969	0.1969
12	0.90	0.0486	0.0486	0.0486
12	0.95	0.0000	0.0000	0.0000
13	0.00	0.9514	0.9514	0.9514
13	0.05	0.9514	0.9514	0.9514
13	0.10	0.9463	0.9463	0.9463
13	0.15	0.9463	0.9463	0.9463
13	0.20	0.9463	0.9463	0.9463
13	0.25	0.9463	0.9463	0.9463
13	0.30	0.9437	0.9437	0.9437
13	0.35	0.9309	0.9309	0.9309
13	0.40	0.9182	0.9182	0.9182
13	0.45	0.8824	0.8824	0.8824
13	0.50	0.8184	0.8184	0.8184
13	0.55	0.7775	0.7775	0.7775
13	0.60	0.7008	0.7008	0.7008
13	0.65	0.6087	0.6087	0.6087
13	0.70	0.5448	0.5448	0.5448
13	0.75	0.4527	0.4527	0.4527
13	0.80	0.3376	0.3376	0.3376
13	0.85	0.1969	0.1969	0.1969
13	0.90	0.0486	0.0486	0.0486
13	0.95	0.0000	0.0000	0.0000
14	0.00	0.9514	0.9514	0.9514
14	0.05	0.9514	0.9514	0.9514
14	0.10	0.9463	0.9463	0.9463
14	0.15	0.9463	0.9463	0.9463
14	0.20	0.9463	0.9463	0.9463
14	0.25	0.9463	0.9463	0.9463
14	0.30	0.9437	0.9437	0.9437
14	0.35	0.9309	0.9309	0.9309
14	0.40	0.9182	0.9182	0.9182
14	0.45	0.8824	0.8824	0.8824
14	0.50	0.8184	0.8184	0.8184
14	0.55	0.7775	0.7775	0.7775
14	0.60	0.7008	0.7008	0.7008
14	0.65	0.6087	0.6087	0.6087
14	0.70	0.5448	0.5448	0.5448
14	0.75	0.4527	0.4527	0.4527
14	0.80	0.3376	0.3376	0.3376
14	0.85	0.1969	0.1969	0.1969
14	0.90	0.0486	0.0486	0.0486
14	0.95	0.0000	0.0000	0.0000
15	0.00	0.9514	0.9514	0.9514
15	0.05	0.9514	0.9514	0.9514
15	0.10	0.9463	0.9463	0.9463
15	0.15	0.9463	0.9463	0.9463
15	0.20	0.9463	0.9463	0.9463
15	0.25	0.9463	0.9463	0.9463
15	0.30	0.9437	0.9437	0.9437
15	0.35	0.9309	0.9309	0.9309
15	0.40	0.9182	0.9182	0.9182
15	0.45	0.8824	0.8824	0.8824
15	0.50	0.8184	0.8184	0.8184
15	0.55	0.7775	0.7775	0.7775
15	0.60	0.7008	0.7008	0.7008
15	0.65	0.6087	0.6087	0.6087
15	0.70	0.5448	0.5448	0.5448
15	0.75	0.4527	0.4527	0.4527
15	0.80	0.3376	0.3376	0.3376
15	0.85	0.1969	0.1969	0.1969
15	0.90	0.0486	0.0486	0.0486
15	0.95	0.0000	0.0000	0.0000

Best Precision (doc avg): 0.9514	Limit: 15	Threshold: 0.05
Best    Recall (doc avg): 0.9514	Limit: 15	Threshold: 0.05
Best  F1 score (doc avg): 0.9514	Limit: 15	Threshold: 0.05
Best              NDCG@5: 0.9847	Limit: 15	Threshold: 0.05
Best             NDCG@10: 0.9847	Limit: 15	Threshold: 0.05
Documents evaluated:	391
