Limit	Thresh.	Prec.	Rec.	F1
1	0.00	0.9452	0.9452	0.9452
1	0.05	0.9452	0.9452	0.9452
1	0.10	0.9426	0.9426	0.9426
1	0.15	0.9426	0.9426	0.9426
1	0.20	0.9426	0.9426	0.9426
1	0.25	0.9426	0.9426	0.9426
1	0.30	0.9399	0.9399	0.9399
1	0.35	0.9295	0.9295	0.9295
1	0.40	0.9191	0.9191	0.9191
1	0.45	0.8825	0.8825	0.8825
1	0.50	0.8277	0.8277	0.8277
1	0.55	0.7781	0.7781	0.7781
1	0.60	0.6893	0.6893	0.6893
1	0.65	0.6031	0.6031	0.6031
1	0.70	0.5431	0.5431	0.5431
1	0.75	0.4543	0.4543	0.4543
1	0.80	0.3316	0.3316	0.3316
1	0.85	0.1958	0.1958	0.1958
1	0.90	0.0496	0.0496	0.0496
1	0.95	0.0000	0.0000	0.0000
2	0.00	0.9452	0.9452	0.9452
2	0.05	0.9452	0.9452	0.9452
2	0.10	0.9426	0.9426	0.9426
2	0.15	0.9426	0.9426	0.9426
2	0.20	0.9426	0.9426	0.9426
2	0.25	0.9426	0.9426	0.9426
2	0.30	0.9399	0.9399	0.9399
2	0.35	0.9295	0.9295	0.9295
2	0.40	0.9191	0.9191	0.9191
2	0.45	0.8825	0.8825	0.8825
2	0.50	0.8277	0.8277	0.8277
2	0.55	0.7781	0.7781	0.7781
2	0.60	0.6893	0.6893	0.6893
2	0.65	0.6031	0.6031	0.6031
2	0.70	0.5431	0.5431	0.5431
2	0.75	0.4543	0.4543	0.4543
2	0.80	0.3316	0.3316	0.3316
2	0.85	0.1958	0.1958	0.1958
2	0.90	0.0496	0.0496	0.0496
2	0.95	0.0000	0.0000	0.0000
3	0.00	0.9452	0.9452	0.9452
3	0.05	0.9452	0.9452	0.9452
3	0.10	0.9426	0.9426	0.9426
3	0.15	0.9426	0.9426	0.9426
3	0.20	0.9426	0.9426	0.9426
3	0.25	0.9426	0.9426	0.9426
3	0.30	0.9399	0.9399	0.9399
3	0.35	0.9295	0.9295	0.9295
3	0.40	0.9191	0.9191	0.9191
3	0.45	0.8825	0.8825	0.8825
3	0.50	0.8277	0.8277	0.8277
3	0.55	0.7781	0.7781	0.7781
3	0.60	0.6893	0.6893	0.6893
3	0.65	0.6031	0.6031	0.6031
3	0.70	0.5431	0.5431	0.5431
3	0.75	0.4543	0.4543	0.4543
3	0.80	0.3316	0.3316	0.3316
3	0.85	0.1958	0.1958	0.1958
3	0.90	0.0496	0.0496	0.0496
3	0.95	0.0000	0.0000	0.0000
4	0.00	0.9452	0.9452	0.9452
4	0.05	0.9452	0.9452	0.9452
4	0.10	0.9426	0.9426	0.9426
4	0.15	0.9426	0.9426	0.9426
4	0.20	0.9426	0.9426	0.9426
4	0.25	0.9426	0.9426	0.9426
4	0.30	0.9399	0.9399	0.9399
4	0.35	0.9295	0.9295	0.9295
4	0.40	0.9191	0.9191	0.9191
4	0.45	0.8825	0.8825	0.8825
4	0.50	0.8277	0.8277	0.8277
4	0.55	0.7781	0.7781	0.7781
4	0.60	0.6893	0.6893	0.6893
4	0.65	0.6031	0.6031	0.6031
4	0.70	0.5431	0.5431	0.5431
4	0.75	0.4543	0.4543	0.4543
4	0.80	0.3316	0.3316	0.3316
4	0.85	0.1958	0.1958	0.1958
4	0.90	0.0496	0.0496	0.0496
4	0.95	0.0000	0.0000	0.0000
5	0.00	0.9452	0.9452	0.9452
5	0.05	0.9452	0.9452	0.9452
5	0.10	0.9426	0.9426	0.9426
5	0.15	0.9426	0.9426	0.9426
5	0.20	0.9426	0.9426	0.9426
5	0.25	0.9426	0.9426	0.9426
5	0.30	0.9399	0.9399	0.9399
5	0.35	0.9295	0.9295	0.9295
5	0.40	0.9191	0.9191	0.9191
5	0.45	0.8825	0.8825	0.8825
5	0.50	0.8277	0.8277	0.8277
5	0.55	0.7781	0.7781	0.7781
5	0.60	0.6893	0.6893	0.6893
5	0.65	0.6031	0.6031	0.6031
5	0.70	0.5431	0.5431	0.5431
5	0.75	0.4543	0.4543	0.4543
5	0.80	0.3316	0.3316	0.3316
5	0.85	0.1958	0.1958	0.1958
5	0.90	0.0496	0.0496	0.0496
5	0.95	0.0000	0.0000	0.0000
6	0.00	0.9452	0.9452	0.9452
6	0.05	0.9452	0.9452	0.9452
6	0.10	0.9426	0.9426	0.9426
6	0.15	0.9426	0.9426	0.9426
6	0.20	0.9426	0.9426	0.9426
6	0.25	0.9426	0.9426	0.9426
6	0.30	0.9399	0.9399	0.9399
6	0.35	0.9295	0.9295	0.9295
6	0.40	0.9191	0.9191	0.9191
6	0.45	0.8825	0.8825	0.8825
6	0.50	0.8277	0.8277	0.8277
6	0.55	0.7781	0.7781	0.7781
6	0.60	0.6893	0.6893	0.6893
6	0.65	0.6031	0.6031	0.6031
6	0.70	0.5431	0.5431	0.5431
6	0.75	0.4543	0.4543	0.4543
6	0.80	0.3316	0.3316	0.3316
6	0.85	0.1958	0.1958	0.1958
6	0.90	0.0496	0.0496	0.0496
6	0.95	0.0000	0.0000	0.0000
7	0.00	0.9452	0.9452	0.9452
7	0.05	0.9452	0.9452	0.9452
7	0.10	0.9426	0.9426	0.9426
7	0.15	0.9426	0.9426	0.9426
7	0.20	0.9426	0.9426	0.9426
7	0.25	0.9426	0.9426	0.9426
7	0.30	0.9399	0.9399	0.9399
7	0.35	0.9295	0.9295	0.9295
7	0.40	0.9191	0.9191	0.9191
7	0.45	0.8825	0.8825	0.8825
7	0.50	0.8277	0.8277	0.8277
7	0.55	0.7781	0.7781	0.7781
7	0.60	0.6893	0.6893	0.6893
7	0.65	0.6031	0.6031	0.6031
7	0.70	0.5431	0.5431	0.5431
7	0.75	0.4543	0.4543	0.4543
7	0.80	0.3316	0.3316	0.3316
7	0.85	0.1958	0.1958	0.1958
7	0.90	0.0496	0.0496	0.0496
7	0.95	0.0000	0.0000	0.0000
8	0.00	0.9452	0.9452	0.9452
8	0.05	0.9452	0.9452	0.9452
8	0.10	0.9426	0.9426	0.9426
8	0.15	0.9426	0.9426	0.9426
8	0.20	0.9426	0.9426	0.9426
8	0.25	0.9426	0.9426	0.9426
8	0.30	0.9399	0.9399	0.9399
8	0.35	0.9295	0.9295	0.9295
8	0.40	0.9191	0.9191	0.9191
8	0.45	0.8825	0.8825	0.8825
8	0.50	0.8277	0.8277	0.8277
8	0.55	0.7781	0.7781	0.7781
8	0.60	0.6893	0.6893	0.6893
8	0.65	0.6031	0.6031	0.6031
8	0.70	0.5431	0.5431	0.5431
8	0.75	0.4543	0.4543	0.4543
8	0.80	0.3316	0.3316	0.3316
8	0.85	0.1958	0.1958	0.1958
8	0.90	0.0496	0.0496	0.0496
8	0.95	0.0000	0.0000	0.0000
9	0.00	0.9452	0.9452	0.9452
9	0.05	0.9452	0.9452	0.9452
9	0.10	0.9426	0.9426	0.9426
9	0.15	0.9426	0.9426	0.9426
9	0.20	0.9426	0.9426	0.9426
9	0.25	0.9426	0.9426	0.9426
9	0.30	0.9399	0.9399	0.9399
9	0.35	0.9295	0.9295	0.9295
9	0.40	0.9191	0.9191	0.9191
9	0.45	0.8825	0.8825	0.8825
9	0.50	0.8277	0.8277	0.8277
9	0.55	0.7781	0.7781	0.7781
9	0.60	0.6893	0.6893	0.6893
9	0.65	0.6031	0.6031	0.6031
9	0.70	0.5431	0.5431	0.5431
9	0.75	0.4543	0.4543	0.4543
9	0.80	0.3316	0.3316	0.3316
9	0.85	0.1958	0.1958	0.1958
9	0.90	0.0496	0.0496	0.0496
9	0.95	0.0000	0.0000	0.0000
10	0.00	0.9452	0.9452	0.9452
10	0.05	0.9452	0.9452	0.9452
10	0.10	0.9426	0.9426	0.9426
10	0.15	0.9426	0.9426	0.9426
10	0.20	0.9426	0.9426	0.9426
10	0.25	0.9426	0.9426	0.9426
10	0.30	0.9399	0.9399	0.9399
10	0.35	0.9295	0.9295	0.9295
10	0.40	0.9191	0.9191	0.9191
10	0.45	0.8825	0.8825	0.8825
10	0.50	0.8277	0.8277	0.8277
10	0.55	0.7781	0.7781	0.7781
10	0.60	0.6893	0.6893	0.6893
10	0.65	0.6031	0.6031	0.6031
10	0.70	0.5431	0.5431	0.5431
10	0.75	0.4543	0.4543	0.4543
10	0.80	0.3316	0.3316	0.3316
10	0.85	0.1958	0.1958	0.1958
10	0.90	0.0496	0.0496	0.0496
10	0.95	0.0000	0.0000	0.0000
11	0.00	0.9452	0.9452	0.9452
11	0.05	0.9452	0.9452	0.9452
11	0.10	0.9426	0.9426	0.9426
11	0.15	0.9426	0.9426	0.9426
11	0.20	0.9426	0.9426	0.9426
11	0.25	0.9426	0.9426	0.9426
11	0.30	0.9399	0.9399	0.9399
11	0.35	0.9295	0.9295	0.9295
11	0.40	0.9191	0.9191	0.9191
11	0.45	0.8825	0.8825	0.8825
11	0.50	0.8277	0.8277	0.8277
11	0.55	0.7781	0.7781	0.7781
11	0.60	0.6893	0.6893	0.6893
11	0.65	0.6031	0.6031	0.6031
11	0.70	0.5431	0.5431	0.5431
11	0.75	0.4543	0.4543	0.4543
11	0.80	0.3316	0.3316	0.3316
11	0.85	0.1958	0.1958	0.1958
11	0.90	0.0496	0.0496	0.0496
11	0.95	0.0000	0.0000	0.0000
12	0.00	0.9452	0.9452	0.9452
12	0.05	0.9452	0.9452	0.9452
12	0.10	0.9426	0.9426	0.9426
12	0.15	0.9426	0.9426	0.9426
12	0.20	0.9426	0.9426	0.9426
12	0.25	0.9426	0.9426	0.9426
12	0.30	0.9399	0.9399	0.9399
12	0.35	0.9295	0.9295	0.9295
12	0.40	0.9191	0.9191	0.9191
12	0.45	0.8825	0.8825	0.8825
12	0.50	0.8277	0.8277	0.8277
12	0.55	0.7781	0.7781	0.7781
12	0.60	0.6893	0.6893	0.6893
12	0.65	0.6031	0.6031	0.6031
12	0.70	0.5431	0.5431	0.5431
12	0.75	0.4543	0.4543	0.4543
12	0.80	0.3316	0.3316	0.3316
12	0.85	0.1958	0.1958	0.1958
12	0.90	0.0496	0.0496	0.0496
12	0.95	0.0000	0.0000	0.0000
13	0.00	0.9452	0.9452	0.9452
13	0.05	0.9452	0.9452	0.9452
13	0.10	0.9426	0.9426	0.9426
13	0.15	0.9426	0.9426	0.9426
13	0.20	0.9426	0.9426	0.9426
13	0.25	0.9426	0.9426	0.9426
13	0.30	0.9399	0.9399	0.9399
13	0.35	0.9295	0.9295	0.9295
13	0.40	0.9191	0.9191	0.9191
13	0.45	0.8825	0.8825	0.8825
13	0.50	0.8277	0.8277	0.8277
13	0.55	0.7781	0.7781	0.7781
13	0.60	0.6893	0.6893	0.6893
13	0.65	0.6031	0.6031	0.6031
13	0.70	0.5431	0.5431	0.5431
13	0.75	0.4543	0.4543	0.4543
13	0.80	0.3316	0.3316	0.3316
13	0.85	0.1958	0.1958	0.1958
13	0.90	0.0496	0.0496	0.0496
13	0.95	0.0000	0.0000	0.0000
14	0.00	0.9452	0.9452	0.9452
14	0.05	0.9452	0.9452	0.9452
14	0.10	0.9426	0.9426	0.9426
14	0.15	0.9426	0.9426	0.9426
14	0.20	0.9426	0.9426	0.9426
14	0.25	0.9426	0.9426	0.9426
14	0.30	0.9399	0.9399	0.9399
14	0.35	0.9295	0.9295	0.9295
14	0.40	0.9191	0.9191	0.9191
14	0.45	0.8825	0.8825	0.8825
14	0.50	0.8277	0.8277	0.8277
14	0.55	0.7781	0.7781	0.7781
14	0.60	0.6893	0.6893	0.6893
14	0.65	0.6031	0.6031	0.6031
14	0.70	0.5431	0.5431	0.5431
14	0.75	0.4543	0.4543	0.4543
14	0.80	0.3316	0.3316	0.3316
14	0.85	0.1958	0.1958	0.1958
14	0.90	0.0496	0.0496	0.0496
14	0.95	0.0000	0.0000	0.0000
15	0.00	0.9452	0.9452	0.9452
15	0.05	0.9452	0.9452	0.9452
15	0.10	0.9426	0.9426	0.9426
15	0.15	0.9426	0.9426	0.9426
15	0.20	0.9426	0.9426	0.9426
15	0.25	0.9426	0.9426	0.9426
15	0.30	0.9399	0.9399	0.9399
15	0.35	0.9295	0.9295	0.9295
15	0.40	0.9191	0.9191	0.9191
15	0.45	0.8825	0.8825	0.8825
15	0.50	0.8277	0.8277	0.8277
15	0.55	0.7781	0.7781	0.7781
15	0.60	0.6893	0.6893	0.6893
15	0.65	0.6031	0.6031	0.6031
15	0.70	0.5431	0.5431	0.5431
15	0.75	0.4543	0.4543	0.4543
15	0.80	0.3316	0.3316	0.3316
15	0.85	0.1958	0.1958	0.1958
15	0.90	0.0496	0.0496	0.0496
15	0.95	0.0000	0.0000	0.0000

Best Precision (doc avg): 0.9452	Limit: 15	Threshold: 0.05
Best    Recall (doc avg): 0.9452	Limit: 15	Threshold: 0.05
Best  F1 score (doc avg): 0.9452	Limit: 15	Threshold: 0.05
Best              NDCG@5: 0.9817	Limit: 15	Threshold: 0.05
Best             NDCG@10: 0.9817	Limit: 15	Threshold: 0.05
Documents evaluated:	383
