Limit	Thresh.	Prec.	Rec.	F1
1	0.00	0.6005	0.4320	0.4678
1	0.05	0.6005	0.4320	0.4678
1	0.10	0.6005	0.4320	0.4678
1	0.15	0.6005	0.4320	0.4678
1	0.20	0.6005	0.4320	0.4678
1	0.25	0.5979	0.4294	0.4651
1	0.30	0.5979	0.4294	0.4651
1	0.35	0.5953	0.4268	0.4625
1	0.40	0.5927	0.4241	0.4599
1	0.45	0.5875	0.4189	0.4547
1	0.50	0.5744	0.4078	0.4432
1	0.55	0.5561	0.3895	0.4249
1	0.60	0.5326	0.3680	0.4030
1	0.65	0.4909	0.3301	0.3638
1	0.70	0.4595	0.3067	0.3384
1	0.75	0.4073	0.2681	0.2973
1	0.80	0.3708	0.2387	0.2662
1	0.85	0.3264	0.2114	0.2355
1	0.90	0.2507	0.1708	0.1891
1	0.95	0.1828	0.1312	0.1442
2	0.00	0.4204	0.5141	0.4167
2	0.05	0.4204	0.5141	0.4167
2	0.10	0.4217	0.5141	0.4176
2	0.15	0.4217	0.5141	0.4176
2	0.20	0.4217	0.5141	0.4176
2	0.25	0.4191	0.5115	0.4150
2	0.30	0.4217	0.5115	0.4167
2	0.35	0.4230	0.5089	0.4167
2	0.40	0.4282	0.5063	0.4193
2	0.45	0.4386	0.5011	0.4241
2	0.50	0.4360	0.4854	0.4172
2	0.55	0.4386	0.4632	0.4111
2	0.60	0.4334	0.4345	0.3980
2	0.65	0.4164	0.3934	0.3737
2	0.70	0.4008	0.3665	0.3543
2	0.75	0.3668	0.3214	0.3193
2	0.80	0.3473	0.2851	0.2931
2	0.85	0.3198	0.2500	0.2658
2	0.90	0.2507	0.1934	0.2090
2	0.95	0.1828	0.1463	0.1563
3	0.00	0.3342	0.5563	0.3712
3	0.05	0.3342	0.5563	0.3712
3	0.10	0.3359	0.5563	0.3725
3	0.15	0.3359	0.5563	0.3725
3	0.20	0.3359	0.5563	0.3725
3	0.25	0.3333	0.5537	0.3699
3	0.30	0.3368	0.5537	0.3725
3	0.35	0.3403	0.5511	0.3746
3	0.40	0.3481	0.5485	0.3799
3	0.45	0.3668	0.5433	0.3921
3	0.50	0.3699	0.5248	0.3892
3	0.55	0.3795	0.5026	0.3894
3	0.60	0.3856	0.4720	0.3861
3	0.65	0.3777	0.4276	0.3681
3	0.70	0.3760	0.4003	0.3581
3	0.75	0.3507	0.3511	0.3265
3	0.80	0.3412	0.3104	0.3063
3	0.85	0.3190	0.2701	0.2802
3	0.90	0.2507	0.2008	0.2154
3	0.95	0.1828	0.1487	0.1581
4	0.00	0.2813	0.5887	0.3365
4	0.05	0.2813	0.5887	0.3365
4	0.10	0.2833	0.5887	0.3380
4	0.15	0.2833	0.5887	0.3380
4	0.20	0.2833	0.5887	0.3380
4	0.25	0.2809	0.5861	0.3357
4	0.30	0.2846	0.5861	0.3386
4	0.35	0.2894	0.5835	0.3423
4	0.40	0.2987	0.5809	0.3493
4	0.45	0.3222	0.5757	0.3667
4	0.50	0.3285	0.5556	0.3667
4	0.55	0.3420	0.5334	0.3714
4	0.60	0.3542	0.4992	0.3737
4	0.65	0.3527	0.4528	0.3608
4	0.70	0.3579	0.4201	0.3550
4	0.75	0.3381	0.3692	0.3271
4	0.80	0.3344	0.3252	0.3107
4	0.85	0.3170	0.2806	0.2870
4	0.90	0.2507	0.2053	0.2190
4	0.95	0.1828	0.1497	0.1588
5	0.00	0.2423	0.6063	0.3055
5	0.05	0.2423	0.6063	0.3055
5	0.10	0.2444	0.6063	0.3072
5	0.15	0.2444	0.6063	0.3072
5	0.20	0.2444	0.6063	0.3072
5	0.25	0.2421	0.6037	0.3051
5	0.30	0.2460	0.6037	0.3081
5	0.35	0.2518	0.6011	0.3132
5	0.40	0.2626	0.5985	0.3217
5	0.45	0.2889	0.5932	0.3426
5	0.50	0.2975	0.5724	0.3451
5	0.55	0.3134	0.5476	0.3525
5	0.60	0.3293	0.5129	0.3590
5	0.65	0.3326	0.4653	0.3504
5	0.70	0.3419	0.4300	0.3477
5	0.75	0.3264	0.3775	0.3230
5	0.80	0.3293	0.3317	0.3114
5	0.85	0.3169	0.2858	0.2911
5	0.90	0.2507	0.2078	0.2211
5	0.95	0.1828	0.1501	0.1591
6	0.00	0.2423	0.6063	0.3055
6	0.05	0.2423	0.6063	0.3055
6	0.10	0.2444	0.6063	0.3072
6	0.15	0.2444	0.6063	0.3072
6	0.20	0.2444	0.6063	0.3072
6	0.25	0.2421	0.6037	0.3051
6	0.30	0.2460	0.6037	0.3081
6	0.35	0.2518	0.6011	0.3132
6	0.40	0.2626	0.5985	0.3217
6	0.45	0.2889	0.5932	0.3426
6	0.50	0.2975	0.5724	0.3451
6	0.55	0.3134	0.5476	0.3525
6	0.60	0.3293	0.5129	0.3590
6	0.65	0.3326	0.4653	0.3504
6	0.70	0.3419	0.4300	0.3477
6	0.75	0.3264	0.3775	0.3230
6	0.80	0.3293	0.3317	0.3114
6	0.85	0.3169	0.2858	0.2911
6	0.90	0.2507	0.2078	0.2211
6	0.95	0.1828	0.1501	0.1591
7	0.00	0.2423	0.6063	0.3055
7	0.05	0.2423	0.6063	0.3055
7	0.10	0.2444	0.6063	0.3072
7	0.15	0.2444	0.6063	0.3072
7	0.20	0.2444	0.6063	0.3072
7	0.25	0.2421	0.6037	0.3051
7	0.30	0.2460	0.6037	0.3081
7	0.35	0.2518	0.6011	0.3132
7	0.40	0.2626	0.5985	0.3217
7	0.45	0.2889	0.5932	0.3426
7	0.50	0.2975	0.5724	0.3451
7	0.55	0.3134	0.5476	0.3525
7	0.60	0.3293	0.5129	0.3590
7	0.65	0.3326	0.4653	0.3504
7	0.70	0.3419	0.4300	0.3477
7	0.75	0.3264	0.3775	0.3230
7	0.80	0.3293	0.3317	0.3114
7	0.85	0.3169	0.2858	0.2911
7	0.90	0.2507	0.2078	0.2211
7	0.95	0.1828	0.1501	0.1591
8	0.00	0.2423	0.6063	0.3055
8	0.05	0.2423	0.6063	0.3055
8	0.10	0.2444	0.6063	0.3072
8	0.15	0.2444	0.6063	0.3072
8	0.20	0.2444	0.6063	0.3072
8	0.25	0.2421	0.6037	0.3051
8	0.30	0.2460	0.6037	0.3081
8	0.35	0.2518	0.6011	0.3132
8	0.40	0.2626	0.5985	0.3217
8	0.45	0.2889	0.5932	0.3426
8	0.50	0.2975	0.5724	0.3451
8	0.55	0.3134	0.5476	0.3525
8	0.60	0.3293	0.5129	0.3590
8	0.65	0.3326	0.4653	0.3504
8	0.70	0.3419	0.4300	0.3477
8	0.75	0.3264	0.3775	0.3230
8	0.80	0.3293	0.3317	0.3114
8	0.85	0.3169	0.2858	0.2911
8	0.90	0.2507	0.2078	0.2211
8	0.95	0.1828	0.1501	0.1591
9	0.00	0.2423	0.6063	0.3055
9	0.05	0.2423	0.6063	0.3055
9	0.10	0.2444	0.6063	0.3072
9	0.15	0.2444	0.6063	0.3072
9	0.20	0.2444	0.6063	0.3072
9	0.25	0.2421	0.6037	0.3051
9	0.30	0.2460	0.6037	0.3081
9	0.35	0.2518	0.6011	0.3132
9	0.40	0.2626	0.5985	0.3217
9	0.45	0.2889	0.5932	0.3426
9	0.50	0.2975	0.5724	0.3451
9	0.55	0.3134	0.5476	0.3525
9	0.60	0.3293	0.5129	0.3590
9	0.65	0.3326	0.4653	0.3504
9	0.70	0.3419	0.4300	0.3477
9	0.75	0.3264	0.3775	0.3230
9	0.80	0.3293	0.3317	0.3114
9	0.85	0.3169	0.2858	0.2911
9	0.90	0.2507	0.2078	0.2211
9	0.95	0.1828	0.1501	0.1591
10	0.00	0.2423	0.6063	0.3055
10	0.05	0.2423	0.6063	0.3055
10	0.10	0.2444	0.6063	0.3072
10	0.15	0.2444	0.6063	0.3072
10	0.20	0.2444	0.6063	0.3072
10	0.25	0.2421	0.6037	0.3051
10	0.30	0.2460	0.6037	0.3081
10	0.35	0.2518	0.6011	0.3132
10	0.40	0.2626	0.5985	0.3217
10	0.45	0.2889	0.5932	0.3426
10	0.50	0.2975	0.5724	0.3451
10	0.55	0.3134	0.5476	0.3525
10	0.60	0.3293	0.5129	0.3590
10	0.65	0.3326	0.4653	0.3504
10	0.70	0.3419	0.4300	0.3477
10	0.75	0.3264	0.3775	0.3230
10	0.80	0.3293	0.3317	0.3114
10	0.85	0.3169	0.2858	0.2911
10	0.90	0.2507	0.2078	0.2211
10	0.95	0.1828	0.1501	0.1591
11	0.00	0.2423	0.6063	0.3055
11	0.05	0.2423	0.6063	0.3055
11	0.10	0.2444	0.6063	0.3072
11	0.15	0.2444	0.6063	0.3072
11	0.20	0.2444	0.6063	0.3072
11	0.25	0.2421	0.6037	0.3051
11	0.30	0.2460	0.6037	0.3081
11	0.35	0.2518	0.6011	0.3132
11	0.40	0.2626	0.5985	0.3217
11	0.45	0.2889	0.5932	0.3426
11	0.50	0.2975	0.5724	0.3451
11	0.55	0.3134	0.5476	0.3525
11	0.60	0.3293	0.5129	0.3590
11	0.65	0.3326	0.4653	0.3504
11	0.70	0.3419	0.4300	0.3477
11	0.75	0.3264	0.3775	0.3230
11	0.80	0.3293	0.3317	0.3114
11	0.85	0.3169	0.2858	0.2911
11	0.90	0.2507	0.2078	0.2211
11	0.95	0.1828	0.1501	0.1591
12	0.00	0.2423	0.6063	0.3055
12	0.05	0.2423	0.6063	0.3055
12	0.10	0.2444	0.6063	0.3072
12	0.15	0.2444	0.6063	0.3072
12	0.20	0.2444	0.6063	0.3072
12	0.25	0.2421	0.6037	0.3051
12	0.30	0.2460	0.6037	0.3081
12	0.35	0.2518	0.6011	0.3132
12	0.40	0.2626	0.5985	0.3217
12	0.45	0.2889	0.5932	0.3426
12	0.50	0.2975	0.5724	0.3451
12	0.55	0.3134	0.5476	0.3525
12	0.60	0.3293	0.5129	0.3590
12	0.65	0.3326	0.4653	0.3504
12	0.70	0.3419	0.4300	0.3477
12	0.75	0.3264	0.3775	0.3230
12	0.80	0.3293	0.3317	0.3114
12	0.85	0.3169	0.2858	0.2911
12	0.90	0.2507	0.2078	0.2211
12	0.95	0.1828	0.1501	0.1591
13	0.00	0.2423	0.6063	0.3055
13	0.05	0.2423	0.6063	0.3055
13	0.10	0.2444	0.6063	0.3072
13	0.15	0.2444	0.6063	0.3072
13	0.20	0.2444	0.6063	0.3072
13	0.25	0.2421	0.6037	0.3051
13	0.30	0.2460	0.6037	0.3081
13	0.35	0.2518	0.6011	0.3132
13	0.40	0.2626	0.5985	0.3217
13	0.45	0.2889	0.5932	0.3426
13	0.50	0.2975	0.5724	0.3451
13	0.55	0.3134	0.5476	0.3525
13	0.60	0.3293	0.5129	0.3590
13	0.65	0.3326	0.4653	0.3504
13	0.70	0.3419	0.4300	0.3477
13	0.75	0.3264	0.3775	0.3230
13	0.80	0.3293	0.3317	0.3114
13	0.85	0.3169	0.2858	0.2911
13	0.90	0.2507	0.2078	0.2211
13	0.95	0.1828	0.1501	0.1591
14	0.00	0.2423	0.6063	0.3055
14	0.05	0.2423	0.6063	0.3055
14	0.10	0.2444	0.6063	0.3072
14	0.15	0.2444	0.6063	0.3072
14	0.20	0.2444	0.6063	0.3072
14	0.25	0.2421	0.6037	0.3051
14	0.30	0.2460	0.6037	0.3081
14	0.35	0.2518	0.6011	0.3132
14	0.40	0.2626	0.5985	0.3217
14	0.45	0.2889	0.5932	0.3426
14	0.50	0.2975	0.5724	0.3451
14	0.55	0.3134	0.5476	0.3525
14	0.60	0.3293	0.5129	0.3590
14	0.65	0.3326	0.4653	0.3504
14	0.70	0.3419	0.4300	0.3477
14	0.75	0.3264	0.3775	0.3230
14	0.80	0.3293	0.3317	0.3114
14	0.85	0.3169	0.2858	0.2911
14	0.90	0.2507	0.2078	0.2211
14	0.95	0.1828	0.1501	0.1591
15	0.00	0.2423	0.6063	0.3055
15	0.05	0.2423	0.6063	0.3055
15	0.10	0.2444	0.6063	0.3072
15	0.15	0.2444	0.6063	0.3072
15	0.20	0.2444	0.6063	0.3072
15	0.25	0.2421	0.6037	0.3051
15	0.30	0.2460	0.6037	0.3081
15	0.35	0.2518	0.6011	0.3132
15	0.40	0.2626	0.5985	0.3217
15	0.45	0.2889	0.5932	0.3426
15	0.50	0.2975	0.5724	0.3451
15	0.55	0.3134	0.5476	0.3525
15	0.60	0.3293	0.5129	0.3590
15	0.65	0.3326	0.4653	0.3504
15	0.70	0.3419	0.4300	0.3477
15	0.75	0.3264	0.3775	0.3230
15	0.80	0.3293	0.3317	0.3114
15	0.85	0.3169	0.2858	0.2911
15	0.90	0.2507	0.2078	0.2211
15	0.95	0.1828	0.1501	0.1591

Best Precision (doc avg): 0.6005	Limit: 1	Threshold: 0.20
Best    Recall (doc avg): 0.6063	Limit: 15	Threshold: 0.20
Best  F1 score (doc avg): 0.4678	Limit: 1	Threshold: 0.20
Best              NDCG@5: 0.8935	Limit: 15	Threshold: 0.20
Best             NDCG@10: 0.8785	Limit: 15	Threshold: 0.20
Documents evaluated:	383
