Limit	Thresh.	Prec.	Rec.	F1
1	0.00	0.5565	0.4223	0.4625
1	0.05	0.5565	0.4223	0.4625
1	0.10	0.5565	0.4223	0.4625
1	0.15	0.5565	0.4223	0.4625
1	0.20	0.5565	0.4223	0.4625
1	0.25	0.5565	0.4223	0.4625
1	0.30	0.5565	0.4223	0.4625
1	0.35	0.5565	0.4223	0.4625
1	0.40	0.5565	0.4223	0.4625
1	0.45	0.5511	0.4169	0.4572
1	0.50	0.5349	0.4034	0.4428
1	0.55	0.5134	0.3833	0.4222
1	0.60	0.4946	0.3672	0.4052
1	0.65	0.4543	0.3322	0.3685
1	0.70	0.4194	0.3053	0.3389
1	0.75	0.3495	0.2540	0.2818
1	0.80	0.3011	0.2119	0.2379
1	0.85	0.2070	0.1393	0.1586
1	0.90	0.1022	0.0685	0.0780
1	0.95	0.0323	0.0237	0.0260
2	0.00	0.4059	0.5771	0.4562
2	0.05	0.4059	0.5771	0.4562
2	0.10	0.4059	0.5771	0.4562
2	0.15	0.4059	0.5771	0.4562
2	0.20	0.4059	0.5771	0.4562
2	0.25	0.4059	0.5771	0.4562
2	0.30	0.4059	0.5771	0.4562
2	0.35	0.4046	0.5744	0.4544
2	0.40	0.4046	0.5717	0.4535
2	0.45	0.4005	0.5596	0.4463
2	0.50	0.3911	0.5435	0.4347
2	0.55	0.3737	0.5085	0.4114
2	0.60	0.3642	0.4870	0.3970
2	0.65	0.3387	0.4359	0.3627
2	0.70	0.3185	0.3940	0.3334
2	0.75	0.2675	0.3280	0.2813
2	0.80	0.2419	0.2693	0.2403
2	0.85	0.1761	0.1756	0.1659
2	0.90	0.0968	0.0811	0.0838
2	0.95	0.0323	0.0237	0.0260
3	0.00	0.3190	0.6738	0.4154
3	0.05	0.3190	0.6738	0.4154
3	0.10	0.3190	0.6738	0.4154
3	0.15	0.3190	0.6738	0.4154
3	0.20	0.3190	0.6738	0.4154
3	0.25	0.3190	0.6738	0.4154
3	0.30	0.3190	0.6738	0.4154
3	0.35	0.3181	0.6711	0.4141
3	0.40	0.3194	0.6685	0.4145
3	0.45	0.3154	0.6496	0.4059
3	0.50	0.3087	0.6308	0.3962
3	0.55	0.2948	0.5838	0.3738
3	0.60	0.2890	0.5542	0.3601
3	0.65	0.2728	0.4955	0.3321
3	0.70	0.2567	0.4415	0.3024
3	0.75	0.2146	0.3634	0.2548
3	0.80	0.2003	0.2872	0.2177
3	0.85	0.1573	0.1900	0.1590
3	0.90	0.0945	0.0820	0.0824
3	0.95	0.0323	0.0237	0.0260
4	0.00	0.2688	0.7567	0.3818
4	0.05	0.2688	0.7567	0.3818
4	0.10	0.2688	0.7567	0.3818
4	0.15	0.2688	0.7567	0.3818
4	0.20	0.2688	0.7567	0.3818
4	0.25	0.2688	0.7567	0.3818
4	0.30	0.2690	0.7567	0.3821
4	0.35	0.2684	0.7540	0.3810
4	0.40	0.2688	0.7473	0.3800
4	0.45	0.2648	0.7218	0.3705
4	0.50	0.2585	0.6980	0.3608
4	0.55	0.2480	0.6443	0.3411
4	0.60	0.2428	0.6030	0.3265
4	0.65	0.2325	0.5403	0.3039
4	0.70	0.2218	0.4801	0.2780
4	0.75	0.1871	0.3978	0.2376
4	0.80	0.1803	0.3100	0.2055
4	0.85	0.1481	0.1994	0.1544
4	0.90	0.0941	0.0820	0.0821
4	0.95	0.0323	0.0237	0.0260
5	0.00	0.2290	0.8051	0.3445
5	0.05	0.2290	0.8051	0.3445
5	0.10	0.2290	0.8051	0.3445
5	0.15	0.2290	0.8051	0.3445
5	0.20	0.2290	0.8051	0.3445
5	0.25	0.2290	0.8051	0.3445
5	0.30	0.2294	0.8051	0.3449
5	0.35	0.2283	0.8011	0.3433
5	0.40	0.2285	0.7917	0.3417
5	0.45	0.2259	0.7634	0.3337
5	0.50	0.2203	0.7357	0.3245
5	0.55	0.2128	0.6779	0.3078
5	0.60	0.2098	0.6286	0.2949
5	0.65	0.2016	0.5591	0.2742
5	0.70	0.1946	0.4971	0.2522
5	0.75	0.1647	0.4095	0.2170
5	0.80	0.1634	0.3141	0.1896
5	0.85	0.1399	0.2034	0.1480
5	0.90	0.0941	0.0820	0.0821
5	0.95	0.0323	0.0237	0.0260
6	0.00	0.2290	0.8051	0.3445
6	0.05	0.2290	0.8051	0.3445
6	0.10	0.2290	0.8051	0.3445
6	0.15	0.2290	0.8051	0.3445
6	0.20	0.2290	0.8051	0.3445
6	0.25	0.2290	0.8051	0.3445
6	0.30	0.2294	0.8051	0.3449
6	0.35	0.2283	0.8011	0.3433
6	0.40	0.2285	0.7917	0.3417
6	0.45	0.2259	0.7634	0.3337
6	0.50	0.2203	0.7357	0.3245
6	0.55	0.2128	0.6779	0.3078
6	0.60	0.2098	0.6286	0.2949
6	0.65	0.2016	0.5591	0.2742
6	0.70	0.1946	0.4971	0.2522
6	0.75	0.1647	0.4095	0.2170
6	0.80	0.1634	0.3141	0.1896
6	0.85	0.1399	0.2034	0.1480
6	0.90	0.0941	0.0820	0.0821
6	0.95	0.0323	0.0237	0.0260
7	0.00	0.2290	0.8051	0.3445
7	0.05	0.2290	0.8051	0.3445
7	0.10	0.2290	0.8051	0.3445
7	0.15	0.2290	0.8051	0.3445
7	0.20	0.2290	0.8051	0.3445
7	0.25	0.2290	0.8051	0.3445
7	0.30	0.2294	0.8051	0.3449
7	0.35	0.2283	0.8011	0.3433
7	0.40	0.2285	0.7917	0.3417
7	0.45	0.2259	0.7634	0.3337
7	0.50	0.2203	0.7357	0.3245
7	0.55	0.2128	0.6779	0.3078
7	0.60	0.2098	0.6286	0.2949
7	0.65	0.2016	0.5591	0.2742
7	0.70	0.1946	0.4971	0.2522
7	0.75	0.1647	0.4095	0.2170
7	0.80	0.1634	0.3141	0.1896
7	0.85	0.1399	0.2034	0.1480
7	0.90	0.0941	0.0820	0.0821
7	0.95	0.0323	0.0237	0.0260
8	0.00	0.2290	0.8051	0.3445
8	0.05	0.2290	0.8051	0.3445
8	0.10	0.2290	0.8051	0.3445
8	0.15	0.2290	0.8051	0.3445
8	0.20	0.2290	0.8051	0.3445
8	0.25	0.2290	0.8051	0.3445
8	0.30	0.2294	0.8051	0.3449
8	0.35	0.2283	0.8011	0.3433
8	0.40	0.2285	0.7917	0.3417
8	0.45	0.2259	0.7634	0.3337
8	0.50	0.2203	0.7357	0.3245
8	0.55	0.2128	0.6779	0.3078
8	0.60	0.2098	0.6286	0.2949
8	0.65	0.2016	0.5591	0.2742
8	0.70	0.1946	0.4971	0.2522
8	0.75	0.1647	0.4095	0.2170
8	0.80	0.1634	0.3141	0.1896
8	0.85	0.1399	0.2034	0.1480
8	0.90	0.0941	0.0820	0.0821
8	0.95	0.0323	0.0237	0.0260
9	0.00	0.2290	0.8051	0.3445
9	0.05	0.2290	0.8051	0.3445
9	0.10	0.2290	0.8051	0.3445
9	0.15	0.2290	0.8051	0.3445
9	0.20	0.2290	0.8051	0.3445
9	0.25	0.2290	0.8051	0.3445
9	0.30	0.2294	0.8051	0.3449
9	0.35	0.2283	0.8011	0.3433
9	0.40	0.2285	0.7917	0.3417
9	0.45	0.2259	0.7634	0.3337
9	0.50	0.2203	0.7357	0.3245
9	0.55	0.2128	0.6779	0.3078
9	0.60	0.2098	0.6286	0.2949
9	0.65	0.2016	0.5591	0.2742
9	0.70	0.1946	0.4971	0.2522
9	0.75	0.1647	0.4095	0.2170
9	0.80	0.1634	0.3141	0.1896
9	0.85	0.1399	0.2034	0.1480
9	0.90	0.0941	0.0820	0.0821
9	0.95	0.0323	0.0237	0.0260
10	0.00	0.2290	0.8051	0.3445
10	0.05	0.2290	0.8051	0.3445
10	0.10	0.2290	0.8051	0.3445
10	0.15	0.2290	0.8051	0.3445
10	0.20	0.2290	0.8051	0.3445
10	0.25	0.2290	0.8051	0.3445
10	0.30	0.2294	0.8051	0.3449
10	0.35	0.2283	0.8011	0.3433
10	0.40	0.2285	0.7917	0.3417
10	0.45	0.2259	0.7634	0.3337
10	0.50	0.2203	0.7357	0.3245
10	0.55	0.2128	0.6779	0.3078
10	0.60	0.2098	0.6286	0.2949
10	0.65	0.2016	0.5591	0.2742
10	0.70	0.1946	0.4971	0.2522
10	0.75	0.1647	0.4095	0.2170
10	0.80	0.1634	0.3141	0.1896
10	0.85	0.1399	0.2034	0.1480
10	0.90	0.0941	0.0820	0.0821
10	0.95	0.0323	0.0237	0.0260
11	0.00	0.2290	0.8051	0.3445
11	0.05	0.2290	0.8051	0.3445
11	0.10	0.2290	0.8051	0.3445
11	0.15	0.2290	0.8051	0.3445
11	0.20	0.2290	0.8051	0.3445
11	0.25	0.2290	0.8051	0.3445
11	0.30	0.2294	0.8051	0.3449
11	0.35	0.2283	0.8011	0.3433
11	0.40	0.2285	0.7917	0.3417
11	0.45	0.2259	0.7634	0.3337
11	0.50	0.2203	0.7357	0.3245
11	0.55	0.2128	0.6779	0.3078
11	0.60	0.2098	0.6286	0.2949
11	0.65	0.2016	0.5591	0.2742
11	0.70	0.1946	0.4971	0.2522
11	0.75	0.1647	0.4095	0.2170
11	0.80	0.1634	0.3141	0.1896
11	0.85	0.1399	0.2034	0.1480
11	0.90	0.0941	0.0820	0.0821
11	0.95	0.0323	0.0237	0.0260
12	0.00	0.2290	0.8051	0.3445
12	0.05	0.2290	0.8051	0.3445
12	0.10	0.2290	0.8051	0.3445
12	0.15	0.2290	0.8051	0.3445
12	0.20	0.2290	0.8051	0.3445
12	0.25	0.2290	0.8051	0.3445
12	0.30	0.2294	0.8051	0.3449
12	0.35	0.2283	0.8011	0.3433
12	0.40	0.2285	0.7917	0.3417
12	0.45	0.2259	0.7634	0.3337
12	0.50	0.2203	0.7357	0.3245
12	0.55	0.2128	0.6779	0.3078
12	0.60	0.2098	0.6286	0.2949
12	0.65	0.2016	0.5591	0.2742
12	0.70	0.1946	0.4971	0.2522
12	0.75	0.1647	0.4095	0.2170
12	0.80	0.1634	0.3141	0.1896
12	0.85	0.1399	0.2034	0.1480
12	0.90	0.0941	0.0820	0.0821
12	0.95	0.0323	0.0237	0.0260
13	0.00	0.2290	0.8051	0.3445
13	0.05	0.2290	0.8051	0.3445
13	0.10	0.2290	0.8051	0.3445
13	0.15	0.2290	0.8051	0.3445
13	0.20	0.2290	0.8051	0.3445
13	0.25	0.2290	0.8051	0.3445
13	0.30	0.2294	0.8051	0.3449
13	0.35	0.2283	0.8011	0.3433
13	0.40	0.2285	0.7917	0.3417
13	0.45	0.2259	0.7634	0.3337
13	0.50	0.2203	0.7357	0.3245
13	0.55	0.2128	0.6779	0.3078
13	0.60	0.2098	0.6286	0.2949
13	0.65	0.2016	0.5591	0.2742
13	0.70	0.1946	0.4971	0.2522
13	0.75	0.1647	0.4095	0.2170
13	0.80	0.1634	0.3141	0.1896
13	0.85	0.1399	0.2034	0.1480
13	0.90	0.0941	0.0820	0.0821
13	0.95	0.0323	0.0237	0.0260
14	0.00	0.2290	0.8051	0.3445
14	0.05	0.2290	0.8051	0.3445
14	0.10	0.2290	0.8051	0.3445
14	0.15	0.2290	0.8051	0.3445
14	0.20	0.2290	0.8051	0.3445
14	0.25	0.2290	0.8051	0.3445
14	0.30	0.2294	0.8051	0.3449
14	0.35	0.2283	0.8011	0.3433
14	0.40	0.2285	0.7917	0.3417
14	0.45	0.2259	0.7634	0.3337
14	0.50	0.2203	0.7357	0.3245
14	0.55	0.2128	0.6779	0.3078
14	0.60	0.2098	0.6286	0.2949
14	0.65	0.2016	0.5591	0.2742
14	0.70	0.1946	0.4971	0.2522
14	0.75	0.1647	0.4095	0.2170
14	0.80	0.1634	0.3141	0.1896
14	0.85	0.1399	0.2034	0.1480
14	0.90	0.0941	0.0820	0.0821
14	0.95	0.0323	0.0237	0.0260
15	0.00	0.2290	0.8051	0.3445
15	0.05	0.2290	0.8051	0.3445
15	0.10	0.2290	0.8051	0.3445
15	0.15	0.2290	0.8051	0.3445
15	0.20	0.2290	0.8051	0.3445
15	0.25	0.2290	0.8051	0.3445
15	0.30	0.2294	0.8051	0.3449
15	0.35	0.2283	0.8011	0.3433
15	0.40	0.2285	0.7917	0.3417
15	0.45	0.2259	0.7634	0.3337
15	0.50	0.2203	0.7357	0.3245
15	0.55	0.2128	0.6779	0.3078
15	0.60	0.2098	0.6286	0.2949
15	0.65	0.2016	0.5591	0.2742
15	0.70	0.1946	0.4971	0.2522
15	0.75	0.1647	0.4095	0.2170
15	0.80	0.1634	0.3141	0.1896
15	0.85	0.1399	0.2034	0.1480
15	0.90	0.0941	0.0820	0.0821
15	0.95	0.0323	0.0237	0.0260

Best Precision (doc avg): 0.5565	Limit: 1	Threshold: 0.40
Best    Recall (doc avg): 0.8051	Limit: 15	Threshold: 0.30
Best  F1 score (doc avg): 0.4625	Limit: 1	Threshold: 0.40
Best              NDCG@5: 0.7188	Limit: 15	Threshold: 0.30
Best             NDCG@10: 0.7188	Limit: 15	Threshold: 0.30
Documents evaluated:	372
