Precision (doc avg):	0.2624250214224508
Recall (doc avg):   	0.7497857754927163
F1 score (doc avg): 	0.3748316807442771
Precision (conc avg):	0.004370315342565368
Recall (conc avg):  	0.009797043480174687
F1 score (conc avg):	0.005478962274173911
Precision (microavg):	0.2692307692307692
Recall (microavg):  	0.7837837837837838
F1 score (microavg):	0.40078973346495556
NDCG:               	0.6916780398182667
NDCG@5:             	0.6916780398182667
NDCG@10:            	0.6916780398182667
Precision@1:        	0.5475578406169666
Precision@3:        	0.31876606683804626
Precision@5:        	0.2624250214224507
LRAP:               	0.6420094882435343
True positives:     	406
False positives:    	1102
False negatives:    	112
Documents evaluated:	389
