Precision (doc avg):	0.267683465959328
Recall (doc avg):   	0.7679045092838196
F1 score (doc avg): 	0.38277125173676896
Precision (conc avg):	0.0042755686828633375
Recall (conc avg):  	0.009249449090774759
F1 score (conc avg):	0.00531455475126372
Precision (microavg):	0.276668960770819
Recall (microavg):  	0.7992047713717694
F1 score (microavg):	0.41104294478527603
NDCG:               	0.6913784138640251
NDCG@5:             	0.6913784138640251
NDCG@10:            	0.6913784138640251
Precision@1:        	0.53315649867374
Precision@3:        	0.31078691423519006
Precision@5:        	0.267683465959328
LRAP:               	0.6389246033124972
True positives:     	402
False positives:    	1051
False negatives:    	101
Documents evaluated:	377
