Precision (doc avg):	0.3082044673539519
Recall (doc avg):   	0.5891834396989035
F1 score (doc avg): 	0.35879757413262575
Precision (conc avg):	0.0584652172198078
Recall (conc avg):  	0.07251329924591311
F1 score (conc avg):	0.06091244583861116
Precision (microavg):	0.3010825439783491
Recall (microavg):  	0.7379767827529021
F1 score (microavg):	0.42767900048053814
NDCG:               	0.8775911926695356
NDCG@5:             	0.8905331398563272
NDCG@10:            	0.8775911926695356
Precision@1:        	0.6056701030927835
Precision@3:        	0.36211340206185566
Precision@5:        	0.3082044673539519
LRAP:               	0.8590219851952847
True positives:     	445
False positives:    	1033
False negatives:    	158
Documents evaluated:	388
