Precision (doc avg):	0.3241921768707483
Recall (doc avg):   	0.6191589731130548
F1 score (doc avg): 	0.37915020070632316
Precision (conc avg):	0.06102726021471891
Recall (conc avg):  	0.0763521144792945
F1 score (conc avg):	0.063774221606232
Precision (microavg):	0.3135536075522589
Recall (microavg):  	0.7536466774716369
F1 score (microavg):	0.4428571428571429
NDCG:               	0.8801132036063488
NDCG@5:             	0.8924937527427576
NDCG@10:            	0.8801132036063488
Precision@1:        	0.6326530612244898
Precision@3:        	0.37882653061224486
Precision@5:        	0.3241921768707483
LRAP:               	0.8615758452476441
True positives:     	465
False positives:    	1018
False negatives:    	152
Documents evaluated:	392
