Precision (doc avg):	0.2975877192982456
Recall (doc avg):   	0.7231578947368421
F1 score (doc avg): 	0.3900793650793651
Precision (conc avg):	0.022416259064538393
Recall (conc avg):  	0.03218998545123091
F1 score (conc avg):	0.024248485588860755
Precision (microavg):	0.3017832647462277
Recall (microavg):  	0.7560137457044673
F1 score (microavg):	0.4313725490196078
NDCG:               	0.7267701712268403
NDCG@5:             	0.7269751767168872
NDCG@10:            	0.7267701712268403
Precision@1:        	0.6447368421052632
Precision@3:        	0.3644736842105263
Precision@5:        	0.2975877192982456
LRAP:               	0.6983435959804906
True positives:     	440
False positives:    	1018
False negatives:    	142
Documents evaluated:	380
