Precision (doc avg):	0.29450041981528124
Recall (doc avg):   	0.7306465155331654
F1 score (doc avg): 	0.38940866018951653
Precision (conc avg):	0.022635576672478713
Recall (conc avg):  	0.032611448241787355
F1 score (conc avg):	0.024386699698300818
Precision (microavg):	0.29699738903394257
Recall (microavg):  	0.7508250825082509
F1 score (microavg):	0.4256314312441535
NDCG:               	0.7106723258456559
NDCG@5:             	0.7109606378809018
NDCG@10:            	0.7106723258456559
Precision@1:        	0.6297229219143576
Precision@3:        	0.35558354324097396
Precision@5:        	0.2945004198152813
LRAP:               	0.6768204064447455
True positives:     	455
False positives:    	1077
False negatives:    	151
Documents evaluated:	397
