Precision (doc avg):	0.2835526315789474
Recall (doc avg):   	0.9184210526315789
F1 score (doc avg): 	0.4249122807017544
Precision (conc avg):	0.0007079658331859614
Recall (conc avg):  	0.002576830763083436
F1 score (conc avg):	0.0010606285953742817
Precision (microavg):	0.2935528120713306
Recall (microavg):  	0.9596412556053812
F1 score (microavg):	0.4495798319327731
NDCG:               	0.7461590163352547
NDCG@5:             	0.7461590163352547
NDCG@10:            	0.7461590163352547
Precision@1:        	0.4236842105263158
Precision@3:        	0.34429824561403505
Precision@5:        	0.2835526315789474
LRAP:               	0.6644995403355558
True positives:     	428
False positives:    	1030
False negatives:    	18
Documents evaluated:	380
